{"timestamp":1765006789382,"level":"INFO","message":"baseline-test-93b5a31c-3483-447b-9d66-a2df8587f705"}
{"timestamp":1765006789385,"level":"INFO","message":"baseline-test-ac847b24-83f1-44d3-8a8c-26ed105c87a7"}
{"timestamp":1765006789386,"level":"INFO","message":"baseline-test-0d73f98f-8416-4f4a-b197-5bccce50508d"}
{"timestamp":1765006789380,"level":"INFO","message":"baseline-test-2f154653-89c9-4170-a5df-5a2118c35c68"}
{"timestamp":1765006789388,"level":"INFO","message":"baseline-test-8679680c-0eb5-427f-9397-7ca27cbbc372"}
{"timestamp":1765006789391,"level":"INFO","message":"baseline-test-6aae53ea-13c1-4cce-914d-263052d241de"}
{"timestamp":1765006789392,"level":"INFO","message":"baseline-test-7380aa18-da08-4d9f-9f3c-2006ee37967b"}
{"timestamp":1765006789391,"level":"INFO","message":"baseline-test-455848d8-8c1e-4bf7-b77b-bd57d4ffbc0e"}
{"timestamp":1765006789393,"level":"INFO","message":"baseline-test-44ece123-8b6a-42b7-9080-0686aa0cd5a7"}
{"timestamp":1765006789397,"level":"INFO","message":"baseline-test-5056adc7-7c26-44e4-bfab-1c9441627fdc"}
{"timestamp":1765006789400,"level":"INFO","message":"baseline-test-af72a3d9-0cf1-4b63-b3b2-8ca31ac14de6"}
{"timestamp":1765006789404,"level":"INFO","message":"baseline-test-43336274-c20e-46b3-89f9-d5d44af8a101"}
{"timestamp":1765006789405,"level":"INFO","message":"baseline-test-c50e51da-ee83-4184-a7f0-7c948de5e3d3"}
{"timestamp":1765006789412,"level":"INFO","message":"baseline-test-03e43363-486d-4f15-95f5-bf43ddcdb56d"}
{"timestamp":1765006789408,"level":"INFO","message":"baseline-test-162b3644-c053-4a4e-a331-7a8445a2c691"}
{"timestamp":1765006789396,"level":"INFO","message":"baseline-test-9e602185-a883-45e5-ac94-1a3dfb3544a4"}
{"timestamp":1765006789415,"level":"INFO","message":"baseline-test-ef501a02-e6b6-4143-a34e-d9136684a601"}
{"timestamp":1765006789418,"level":"INFO","message":"baseline-test-d56f2c61-e7de-4209-aff4-a134868c3728"}
{"timestamp":1765006789418,"level":"INFO","message":"baseline-test-ba53fa02-c3a2-44c2-a317-bb85b0e997e7"}
{"timestamp":1765006789419,"level":"INFO","message":"baseline-test-d8a322cc-0541-42de-a59d-511c7cec0091"}
{"timestamp":1765006789411,"level":"INFO","message":"baseline-test-be740c56-7032-4575-b881-961ffb7b658c"}
{"timestamp":1765006789408,"level":"INFO","message":"baseline-test-cc7c4a4f-2132-48c4-bfe2-e1e31d20b7b0"}
{"timestamp":1765006789418,"level":"INFO","message":"baseline-test-a6a18a84-9be7-4e81-8859-4a83a27bce52"}
{"timestamp":1765006789434,"level":"INFO","message":"baseline-test-63957f20-28dc-42c6-a840-83a35b032b0b"}
{"timestamp":1765006789434,"level":"INFO","message":"baseline-test-f8c5f0b2-ecb9-479a-95c0-62d40fbda2ed"}
{"timestamp":1765006789436,"level":"INFO","message":"baseline-test-baaa987e-ea5f-47ef-934f-f7b036c9a36e"}
{"timestamp":1765006789437,"level":"INFO","message":"baseline-test-e4e317e8-37b1-4809-9328-620b42837404"}
{"timestamp":1765006789439,"level":"INFO","message":"baseline-test-c46f6000-da31-4542-8fe7-b661d6cc7564"}
{"timestamp":1765006789439,"level":"INFO","message":"baseline-test-63cb9952-06b0-4eb2-9352-e95da4f6e9d0"}
{"timestamp":1765006789442,"level":"INFO","message":"baseline-test-21e16be1-6cc8-4a34-b8c8-fd273a4fddd8"}
{"timestamp":1765006789424,"level":"INFO","message":"baseline-test-a0d565f9-ad00-402c-8178-b5b81662017a"}
{"timestamp":1765006789426,"level":"INFO","message":"baseline-test-90a1d64d-c022-4f81-8097-d60340782ab0"}
{"timestamp":1765006789427,"level":"INFO","message":"baseline-test-dd532ce3-5310-4550-8507-b0d861d9159f"}
{"timestamp":1765006789445,"level":"INFO","message":"baseline-test-3480c8bc-ad13-4063-a9e2-ad39415268a2"}
{"timestamp":1765006789446,"level":"INFO","message":"baseline-test-93016f27-d1c9-44ae-afa7-889815458f9b"}
{"timestamp":1765006789447,"level":"INFO","message":"baseline-test-54016fb7-97a4-4c09-83ac-2657545ea66c"}
{"timestamp":1765006789451,"level":"INFO","message":"baseline-test-94b413e3-5fda-44a6-be70-67b731cd0cfe"}
{"timestamp":1765006789453,"level":"INFO","message":"baseline-test-988e98b6-1d3d-4d95-92d4-5ad2cbf46c1b"}
{"timestamp":1765006789453,"level":"INFO","message":"baseline-test-183a4755-9558-4ff7-8b15-b896edb72d99"}
{"timestamp":1765006789454,"level":"INFO","message":"baseline-test-cbab5ac7-fc2f-40fc-920a-aaf38f9de18b"}
{"timestamp":1765006789458,"level":"INFO","message":"baseline-test-69fe179a-b279-4cc7-9926-757096c3702d"}
{"timestamp":1765006789461,"level":"INFO","message":"baseline-test-65a39744-996b-4155-a660-1bfd6b695416"}
{"timestamp":1765006789464,"level":"INFO","message":"baseline-test-502287bf-fdf4-41a7-ae7c-1c053792c06c"}
{"timestamp":1765006789466,"level":"INFO","message":"baseline-test-cb9ee17b-f65c-4608-a8bf-27bfe166814c"}
{"timestamp":1765006789465,"level":"INFO","message":"baseline-test-d84f7028-2a5c-4480-8b13-4c33eca04867"}
{"timestamp":1765006789470,"level":"INFO","message":"baseline-test-9d0472c4-9339-4df7-a334-3157087e6cd8"}
{"timestamp":1765006789473,"level":"INFO","message":"baseline-test-4c16904d-d11a-4c4e-acbe-92b97b415393"}
{"timestamp":1765006789470,"level":"INFO","message":"baseline-test-6d6ffd48-53ad-4d23-a039-7f1cf7f8b532"}
{"timestamp":1765006789468,"level":"INFO","message":"baseline-test-314cde0f-6edf-4e7d-8219-4b072b41d38e"}
{"timestamp":1765006789476,"level":"INFO","message":"baseline-test-89029e8a-3b35-468e-9e51-abf276f2cb79"}
{"timestamp":1765006789476,"level":"INFO","message":"baseline-test-5ccdca98-49f5-490d-94be-86121af1b32c"}
{"timestamp":1765006789481,"level":"INFO","message":"baseline-test-5ba34fd2-709f-43b2-a174-aa6f2a92fa98"}
{"timestamp":1765006789484,"level":"INFO","message":"baseline-test-600d74df-2603-4bfc-8f7f-18250b25d5f4"}
{"timestamp":1765006789481,"level":"INFO","message":"baseline-test-93ccb545-5ac4-450c-ac26-01b3c94f8803"}
{"timestamp":1765006789481,"level":"INFO","message":"baseline-test-777d2a86-0da9-4465-8df0-5af08290874c"}
{"timestamp":1765006789483,"level":"INFO","message":"baseline-test-9e49d0fc-874b-46d6-b22d-1f96f4ca7c42"}
{"timestamp":1765006789485,"level":"INFO","message":"baseline-test-678785a5-229f-461f-b062-ee5431cadb63"}
{"timestamp":1765006789488,"level":"INFO","message":"baseline-test-f215aeaa-bf5f-4c64-bb00-4f9a2ffb40f0"}
{"timestamp":1765006789487,"level":"INFO","message":"baseline-test-2e687f34-7831-4737-b9d1-fd6c5fe2756c"}
{"timestamp":1765006789492,"level":"INFO","message":"baseline-test-6a7d8897-f94b-4574-a1ed-b9d906457f77"}
{"timestamp":1765006789497,"level":"INFO","message":"baseline-test-817b7760-29f9-4774-b70e-3677ac75d605"}
{"timestamp":1765006789496,"level":"INFO","message":"baseline-test-b1eef744-03ff-4ee4-90de-b83475808c80"}
{"timestamp":1765006789501,"level":"INFO","message":"baseline-test-2c73e460-298d-4ff5-8e79-6b96eadadfaf"}
{"timestamp":1765006789498,"level":"INFO","message":"baseline-test-58a88a53-78e0-4430-8140-2a15f34f4cb7"}
{"timestamp":1765006789494,"level":"INFO","message":"baseline-test-bbc01325-eb4a-4002-b345-18d06bb61851"}
{"timestamp":1765006789506,"level":"INFO","message":"baseline-test-dd6c5ec9-4f9e-4e61-95bd-a173cabf1330"}
{"timestamp":1765006789503,"level":"INFO","message":"baseline-test-0be2bccb-c7bb-4c41-b7c3-15b10f87e41a"}
{"timestamp":1765006789618,"level":"INFO","message":"baseline-test-f812e484-a0cb-4c64-916b-0e4ca0dd2959"}
{"timestamp":1765006789510,"level":"INFO","message":"baseline-test-28b67588-8d78-494e-9f7f-e811a36b9f56"}
{"timestamp":1765006789626,"level":"INFO","message":"baseline-test-94e8317c-d763-49e3-9d70-a95b15912f70"}
{"timestamp":1765006789629,"level":"INFO","message":"baseline-test-86b9a5d1-1217-4859-a850-5cbaf85afd02"}
{"timestamp":1765006789629,"level":"INFO","message":"baseline-test-d93dd27a-256d-4a02-89f5-7cb9898fd5e7"}
{"timestamp":1765006789616,"level":"INFO","message":"baseline-test-31b40095-ff9b-42c9-b23c-5fefa7cb670d"}
{"timestamp":1765006789630,"level":"INFO","message":"baseline-test-0a9f4080-b7a9-4c96-9498-670096bda2eb"}
{"timestamp":1765006789630,"level":"INFO","message":"baseline-test-c1e97002-ef56-4f81-b5b2-f8842df01a76"}
{"timestamp":1765006789637,"level":"INFO","message":"baseline-test-f440b1d0-301c-4267-b85c-8ba06969e5ee"}
{"timestamp":1765006789641,"level":"INFO","message":"baseline-test-d4db6de1-8a99-479a-ae21-da6455a296c8"}
{"timestamp":1765006789640,"level":"INFO","message":"baseline-test-a1fe0c28-203e-4b79-8610-8417a5ae2c1f"}
{"timestamp":1765006789638,"level":"INFO","message":"baseline-test-2b4b3b86-13b0-41ab-8b6f-c6816b0a97af"}
{"timestamp":1765006789642,"level":"INFO","message":"baseline-test-cd3efd30-370b-410e-ad01-e2bed468746c"}
{"timestamp":1765006789638,"level":"INFO","message":"baseline-test-c83acd97-04f1-4211-97ff-184707ae7def"}
{"timestamp":1765006789647,"level":"INFO","message":"baseline-test-2a5f5a6d-40c8-4eb9-8221-73e378bbfd48"}
{"timestamp":1765006789647,"level":"INFO","message":"baseline-test-317273ad-cd97-4241-aac0-65b0d7fb6c9d"}
{"timestamp":1765006789650,"level":"INFO","message":"baseline-test-60e5b3c3-4793-4724-a6de-05de7df29bf8"}
{"timestamp":1765006789654,"level":"INFO","message":"baseline-test-e4143d30-80ed-4edc-9fce-933b7036886b"}
{"timestamp":1765006789653,"level":"INFO","message":"baseline-test-aed7acb4-f415-4770-b87f-27b87d13ef67"}
{"timestamp":1765006789659,"level":"INFO","message":"baseline-test-8fbd51a3-027c-4681-9691-cdef0ed02ba9"}
{"timestamp":1765006789661,"level":"INFO","message":"baseline-test-5a453789-044a-486a-862e-a01034bb5261"}
{"timestamp":1765006789661,"level":"INFO","message":"baseline-test-f16b280c-3121-411c-a5c0-9510d6fc84d7"}
{"timestamp":1765006789666,"level":"INFO","message":"baseline-test-926f5bdf-1c8e-4131-90d7-a966827e1a69"}
{"timestamp":1765006789668,"level":"INFO","message":"baseline-test-6d2d43ba-c589-400b-b507-ef5e1545908a"}
{"timestamp":1765006789671,"level":"INFO","message":"baseline-test-7bc440e9-17e6-4d83-97c7-53b29ddcd1c8"}
{"timestamp":1765006789676,"level":"INFO","message":"baseline-test-7d5c670e-d813-4109-b0dc-c4ba9caa1ead"}
{"timestamp":1765006789670,"level":"INFO","message":"baseline-test-cde33319-2398-4a86-ab2d-b2ad12091458"}
{"timestamp":1765006789679,"level":"INFO","message":"baseline-test-0e61eb99-8ea8-419a-b35b-9dca57f5ac12"}
{"timestamp":1765006789679,"level":"INFO","message":"baseline-test-c481f4fa-8e68-4ed7-b174-e2e215dc2d10"}
{"timestamp":1765006789683,"level":"INFO","message":"baseline-test-13e695b1-d966-44f5-9a92-1b78d84b4c0d"}
{"timestamp":1765006789685,"level":"INFO","message":"baseline-test-16f40cd7-58e8-412b-8de4-b1491d40ce2e"}
{"timestamp":1765006789687,"level":"INFO","message":"baseline-test-4024b77d-f113-4702-8feb-0a03419f1055"}
{"timestamp":1765006789691,"level":"INFO","message":"baseline-test-ca99d289-6f87-4e38-905d-3d7556272cca"}
{"timestamp":1765006789694,"level":"INFO","message":"baseline-test-d4f94d95-ba9c-439a-b3c2-562feb4fca03"}
{"timestamp":1765006789694,"level":"INFO","message":"baseline-test-06271c9e-8315-4ae7-916d-02a6ca7a9b53"}
{"timestamp":1765006789678,"level":"INFO","message":"baseline-test-6eedc59b-5ece-4055-8f61-2cafe68a30df"}
{"timestamp":1765006789697,"level":"INFO","message":"baseline-test-156cbb81-73fa-4069-a2b6-c6d3dd541713"}
{"timestamp":1765006789697,"level":"INFO","message":"baseline-test-a00ea0fe-fe72-49cf-ab99-310fb44b8cfd"}
{"timestamp":1765006789699,"level":"INFO","message":"baseline-test-6edf3ee0-f68c-4613-948f-2426db9c4d6b"}
{"timestamp":1765006789700,"level":"INFO","message":"baseline-test-a355a7be-f13f-4ef0-9ed2-75b4f4e6986b"}
{"timestamp":1765006789688,"level":"INFO","message":"baseline-test-b2fd94cc-5d88-45ed-8861-a2fddd3cb28b"}
{"timestamp":1765006789708,"level":"INFO","message":"baseline-test-cb6b3305-8f43-4440-aa2c-750df9428bac"}
{"timestamp":1765006789717,"level":"INFO","message":"baseline-test-70086b88-46bc-4740-b75e-c4158b0759cf"}
{"timestamp":1765006789720,"level":"INFO","message":"baseline-test-ab8ac612-bde7-4b42-8a7f-640800f0dad8"}
{"timestamp":1765006789710,"level":"INFO","message":"baseline-test-2acb0659-6881-4556-a47e-e5b5df255ab6"}
{"timestamp":1765006789703,"level":"INFO","message":"baseline-test-8f4db521-a94f-4c28-93a1-4c187cef6dd7"}
{"timestamp":1765006789732,"level":"INFO","message":"baseline-test-e62653e4-701d-4434-82b6-1c209c5de444"}
{"timestamp":1765006789734,"level":"INFO","message":"baseline-test-2a4e3cd6-58c8-4cb4-9b72-2911aeca5106"}
{"timestamp":1765006789733,"level":"INFO","message":"baseline-test-d3103762-de28-460d-a6db-7fb3d1ecb519"}
{"timestamp":1765006789735,"level":"INFO","message":"baseline-test-5bb303f5-fb41-4ead-904e-7565ecc2cf79"}
{"timestamp":1765006789739,"level":"INFO","message":"baseline-test-c1e7179d-4169-4ca7-bd54-a9ac33309201"}
{"timestamp":1765006789719,"level":"INFO","message":"baseline-test-8258be5e-469a-417e-9710-0b637f22a33c"}
{"timestamp":1765006789719,"level":"INFO","message":"baseline-test-52993a67-6669-440f-87d7-7700db6c2446"}
{"timestamp":1765006789725,"level":"INFO","message":"baseline-test-3b87302e-1898-44a3-b3b9-f8d99cc0be39"}
{"timestamp":1765006789743,"level":"INFO","message":"baseline-test-05779884-eab6-4dc7-ab6d-aa7ae85d1190"}
{"timestamp":1765006789741,"level":"INFO","message":"baseline-test-a698ca50-e0d2-41fa-bbc1-4aa8fa8eeb9e"}
{"timestamp":1765006789749,"level":"INFO","message":"baseline-test-1efe023b-f525-449f-885e-8008ba3b60cf"}
{"timestamp":1765006789749,"level":"INFO","message":"baseline-test-fcaf24ed-f2e1-4802-af79-9fec0753720f"}
{"timestamp":1765006789751,"level":"INFO","message":"baseline-test-45f2263a-8563-4f22-9d06-52129157223c"}
{"timestamp":1765006789747,"level":"INFO","message":"baseline-test-d95b7a81-1c37-485c-a798-42d5fddfb4a3"}
{"timestamp":1765006789753,"level":"INFO","message":"baseline-test-d493c18f-a774-4ef0-a394-35cf07b8b1be"}
{"timestamp":1765006789750,"level":"INFO","message":"baseline-test-d945517d-2a03-444f-8581-bd98d67ae711"}
{"timestamp":1765006789743,"level":"INFO","message":"baseline-test-1a7e8c4d-8d91-474b-b21c-4a0bcf5f7707"}
{"timestamp":1765006789754,"level":"INFO","message":"baseline-test-1b636cf9-d29b-4398-a1f4-62dafa6afac1"}
{"timestamp":1765006789757,"level":"INFO","message":"baseline-test-a1a899c9-a973-432b-a932-4615ee1805d2"}
{"timestamp":1765006789760,"level":"INFO","message":"baseline-test-f2c5f4c6-f7ba-4228-bc6b-2903cb0ae08b"}
{"timestamp":1765006789762,"level":"INFO","message":"baseline-test-28382b62-fde9-4a06-a3d9-031053901d50"}
{"timestamp":1765006789765,"level":"INFO","message":"baseline-test-5f463551-68dc-4072-ae72-a915960eb113"}
{"timestamp":1765006789771,"level":"INFO","message":"baseline-test-d60f1612-b167-499e-9158-61a63ac81c37"}
{"timestamp":1765006789769,"level":"INFO","message":"baseline-test-06e05642-0dd6-4cc1-a95d-770c079f9ace"}
{"timestamp":1765006789773,"level":"INFO","message":"baseline-test-e7127499-d27f-4caa-8f7e-ece67fb568c1"}
{"timestamp":1765006789774,"level":"INFO","message":"baseline-test-6179d1a3-ffe6-4db3-9530-f425e63c7593"}
{"timestamp":1765006789773,"level":"INFO","message":"baseline-test-8a15ada1-a6b4-461a-9c01-dd17cc1746ed"}
{"timestamp":1765006789775,"level":"INFO","message":"baseline-test-7b25b2fb-c602-4136-a30e-441a3c4a995b"}
{"timestamp":1765006789780,"level":"INFO","message":"baseline-test-21c70acb-8c93-47a7-9eb1-576d7122665a"}
{"timestamp":1765006789781,"level":"INFO","message":"baseline-test-67471d4e-6de6-47cb-a2c6-3ae0bd5e4fde"}
{"timestamp":1765006789782,"level":"INFO","message":"baseline-test-324e6772-851a-4111-8dfe-3af1104bc7a9"}
{"timestamp":1765006789781,"level":"INFO","message":"baseline-test-31c021a3-f4b6-4b70-8084-cf3d8bbc3ab3"}
{"timestamp":1765006789785,"level":"INFO","message":"baseline-test-fecf60db-ca89-4a58-aa7d-cf782178899a"}
{"timestamp":1765006789784,"level":"INFO","message":"baseline-test-21b2d68b-cd6c-4724-b976-b72ddb149888"}
{"timestamp":1765006789765,"level":"INFO","message":"baseline-test-7e5c9648-b3aa-4778-953a-e5ba124e33d0"}
{"timestamp":1765006789790,"level":"INFO","message":"baseline-test-d036228e-ad0a-4ac5-824e-ba24422dcc3a"}
{"timestamp":1765006789790,"level":"INFO","message":"baseline-test-cbd455c7-f6cc-46c8-9be1-b25c024ed523"}
{"timestamp":1765006789793,"level":"INFO","message":"baseline-test-f4d62d07-f6c0-4103-9789-76a0177fe99b"}
{"timestamp":1765006789796,"level":"INFO","message":"baseline-test-e0d1d02b-0f98-49e3-995f-f62e13a0e07e"}
{"timestamp":1765006789800,"level":"INFO","message":"baseline-test-7c96838c-057c-4198-a823-48c9d04d2854"}
{"timestamp":1765006789799,"level":"INFO","message":"baseline-test-e9bc50ae-c220-44d4-bb4e-6693b3474391"}
{"timestamp":1765006789798,"level":"INFO","message":"baseline-test-1ee201f5-c27a-4c62-ba52-5d3c20095426"}
{"timestamp":1765006789803,"level":"INFO","message":"baseline-test-a8706dd6-1eab-4fb9-8a0a-95e3e523e1bb"}
{"timestamp":1765006789803,"level":"INFO","message":"baseline-test-34b80f32-0e81-477b-b2c2-5983fccddebf"}
{"timestamp":1765006789796,"level":"INFO","message":"baseline-test-f514a37d-0a46-4dcc-a216-de84f445caf5"}
{"timestamp":1765006789807,"level":"INFO","message":"baseline-test-b22bd9b3-849c-46da-a2b1-3c5c3dafd76d"}
{"timestamp":1765006789807,"level":"INFO","message":"baseline-test-b7a02fed-b750-4e87-a530-d01002b958e4"}
{"timestamp":1765006789809,"level":"INFO","message":"baseline-test-1fb2f9b5-a91b-463f-83b1-674aedb3fa14"}
{"timestamp":1765006789816,"level":"INFO","message":"baseline-test-5c178474-c28d-4816-9eb1-8fd961e0f6f0"}
{"timestamp":1765006789813,"level":"INFO","message":"baseline-test-ee3e921e-8886-41a0-aad6-a46e950d3fe4"}
{"timestamp":1765006789814,"level":"INFO","message":"baseline-test-34c1039f-2071-4a09-8bae-f8a342a77b0b"}
{"timestamp":1765006789821,"level":"INFO","message":"baseline-test-e4b39fa6-9f2f-4484-a829-603581f066ee"}
{"timestamp":1765006789825,"level":"INFO","message":"baseline-test-29aba9af-e30b-4dc1-855e-e30962acfa0f"}
{"timestamp":1765006789825,"level":"INFO","message":"baseline-test-263a8a34-fe0b-42f6-b47a-c777f76ec642"}
{"timestamp":1765006789827,"level":"INFO","message":"baseline-test-fdf0b165-5491-4369-87b5-f3c08daf9fb4"}
{"timestamp":1765006789832,"level":"INFO","message":"baseline-test-b613a33a-2652-46ee-994d-919a5a38e5ec"}
{"timestamp":1765006789831,"level":"INFO","message":"baseline-test-87291f2d-7846-4025-8b62-7054ff8be0cf"}
{"timestamp":1765006789834,"level":"INFO","message":"baseline-test-66155d88-a521-42f3-aa16-5f51922459ef"}
{"timestamp":1765006789822,"level":"INFO","message":"baseline-test-75518187-1635-4714-ad3a-8b75dbe2eeb6"}
{"timestamp":1765006789838,"level":"INFO","message":"baseline-test-85257454-b65d-4127-aa49-839440c7f18a"}
{"timestamp":1765006789838,"level":"INFO","message":"baseline-test-e168ecaa-45a0-4e59-94bb-b701ffd9eb08"}
{"timestamp":1765006789832,"level":"INFO","message":"baseline-test-a44e2e83-36ec-4ccc-a456-3e0c38fb0bc2"}
{"timestamp":1765006789843,"level":"INFO","message":"baseline-test-0a8b2541-5128-44ff-86e7-73e32a73134b"}
{"timestamp":1765006789844,"level":"INFO","message":"baseline-test-f4dfdc2f-825a-4389-b4ba-22f1b05dc6de"}
{"timestamp":1765006789843,"level":"INFO","message":"baseline-test-a01dacfc-5898-4970-a66c-c7911e32edbb"}
{"timestamp":1765006789843,"level":"INFO","message":"baseline-test-23951d22-7d4d-4f94-8430-f8367049d031"}
{"timestamp":1765006789849,"level":"INFO","message":"baseline-test-9ed13d0f-6a41-4f0b-8706-315261dde336"}
{"timestamp":1765006789849,"level":"INFO","message":"baseline-test-455c2bb1-8478-4ade-9550-b87570e9b975"}
{"timestamp":1765006789853,"level":"INFO","message":"baseline-test-d92afd73-cad5-4bd4-8399-178538608e08"}
{"timestamp":1765006789851,"level":"INFO","message":"baseline-test-80de3348-0705-4682-ac63-5c637f215a94"}
{"timestamp":1765006789854,"level":"INFO","message":"baseline-test-3aba1093-860c-4d5b-b51e-76c506b8512f"}
{"timestamp":1765006789853,"level":"INFO","message":"baseline-test-5c45ba56-9ac8-43e3-801d-dad26477c0f1"}
{"timestamp":1765006789861,"level":"INFO","message":"baseline-test-81cd41be-3fc4-408d-91d7-d66b91a2c1a2"}
{"timestamp":1765006789866,"level":"INFO","message":"baseline-test-6d7c58bd-8235-4382-b101-96bf2ba9b7e6"}
{"timestamp":1765006789865,"level":"INFO","message":"baseline-test-426bba70-9c93-4543-976c-fccb0ab57636"}
{"timestamp":1765006789868,"level":"INFO","message":"baseline-test-2c83450a-f638-47ee-b2ab-c995af302bf2"}
{"timestamp":1765006789869,"level":"INFO","message":"baseline-test-1ec5e90e-fc42-4c79-97e2-012640966cf2"}
{"timestamp":1765006789873,"level":"INFO","message":"baseline-test-6bd1ce1b-0d7f-4caf-be31-b16f384d86f2"}
{"timestamp":1765006789876,"level":"INFO","message":"baseline-test-b57f4256-0f62-45f2-84f3-930f4b1042d3"}
{"timestamp":1765006789876,"level":"INFO","message":"baseline-test-19c4b7c2-4ac4-4d96-a6b1-6cb655aaa128"}
{"timestamp":1765006789878,"level":"INFO","message":"baseline-test-37d1fb9b-341b-40a0-9170-054a8f9b5bb6"}
{"timestamp":1765006789861,"level":"INFO","message":"baseline-test-af9d442d-bf05-4195-8996-19a3e572ffcc"}
{"timestamp":1765006789870,"level":"INFO","message":"baseline-test-1cf92e32-cf97-4b11-87af-04ada88737d5"}
{"timestamp":1765006789885,"level":"INFO","message":"baseline-test-027ea1ed-1d80-444e-bc05-6484a2819daf"}
{"timestamp":1765006789887,"level":"INFO","message":"baseline-test-dde163e0-9f26-4980-9c47-48668292be22"}
{"timestamp":1765006789889,"level":"INFO","message":"baseline-test-87cdbdde-04c4-4496-ae55-caf5884f18d2"}
{"timestamp":1765006789889,"level":"INFO","message":"baseline-test-ee1b2756-12be-49c3-8b49-dc8e1ccd7624"}
{"timestamp":1765006789894,"level":"INFO","message":"baseline-test-95c236f5-4672-414c-9aa9-8f3d300ff422"}
{"timestamp":1765006789880,"level":"INFO","message":"baseline-test-78aac3cb-0121-4cae-b70d-d5967f692adf"}
{"timestamp":1765006789900,"level":"INFO","message":"baseline-test-6876de5b-a8d1-4527-94ba-52a3023aba3f"}
{"timestamp":1765006789903,"level":"INFO","message":"baseline-test-84138327-d608-4b85-8ec6-4e6f0b716f75"}
{"timestamp":1765006789907,"level":"INFO","message":"baseline-test-b4f3ae78-6b3f-41ea-9876-5797b10d2038"}
{"timestamp":1765006789906,"level":"INFO","message":"baseline-test-15d5d2c3-43b1-4822-bf9d-23f5470f9d60"}
{"timestamp":1765006789909,"level":"INFO","message":"baseline-test-a2c14508-c234-4023-a4ec-5fe5901e730f"}
{"timestamp":1765006789913,"level":"INFO","message":"baseline-test-e0289bf3-44ff-4592-96d0-b68bbfecfaac"}
{"timestamp":1765006789893,"level":"INFO","message":"baseline-test-6044d09d-63f8-4dbe-baca-7d9f4431377d"}
{"timestamp":1765006789898,"level":"INFO","message":"baseline-test-4274189d-6a79-40d4-b41c-231d08b18ceb"}
{"timestamp":1765006789895,"level":"INFO","message":"baseline-test-e34d0646-5dcb-4a6a-a868-959749116f6b"}
{"timestamp":1765006789915,"level":"INFO","message":"baseline-test-674fcad2-711c-4d7c-b218-116830f4639f"}
{"timestamp":1765006789918,"level":"INFO","message":"baseline-test-9924e5e4-b210-409c-8273-d6e8e2876f0d"}
{"timestamp":1765006789922,"level":"INFO","message":"baseline-test-7b8a2735-91b5-46cd-bb2e-9bd63de6b21b"}
{"timestamp":1765006789925,"level":"INFO","message":"baseline-test-68cddb89-4440-455d-a913-80f2dd61f865"}
{"timestamp":1765006789927,"level":"INFO","message":"baseline-test-5fef18c7-ed30-4c77-9c1c-d33f28211c8b"}
{"timestamp":1765006789908,"level":"INFO","message":"baseline-test-22367867-4bdd-4ab1-9e5c-04de0d8f26bc"}
{"timestamp":1765006789931,"level":"INFO","message":"baseline-test-fe2be3d3-39cb-40a8-937d-fb428b329b45"}
{"timestamp":1765006789931,"level":"INFO","message":"baseline-test-bb0b3503-3ca5-48cd-a1e3-cc754e31d67e"}
{"timestamp":1765006789936,"level":"INFO","message":"baseline-test-57d77baa-6329-4603-946b-1354e6216126"}
{"timestamp":1765006789938,"level":"INFO","message":"baseline-test-df3a6cee-da37-4d54-b2ed-d639ab8e163f"}
{"timestamp":1765006789944,"level":"INFO","message":"baseline-test-edd02452-69de-46c2-9281-3f6be7492db5"}
{"timestamp":1765006789917,"level":"INFO","message":"baseline-test-4cf4b3e0-89cb-4736-91fe-2fec4e2995a0"}
{"timestamp":1765006789927,"level":"INFO","message":"baseline-test-1d944cda-5e6c-432e-887b-82b9af388097"}
{"timestamp":1765006789918,"level":"INFO","message":"baseline-test-14930dd7-401e-4fe7-a8a1-ea7c4053a2e5"}
{"timestamp":1765006789947,"level":"INFO","message":"baseline-test-400c72d7-7aa2-40da-bd2c-fd39bf1ae43f"}
{"timestamp":1765006789949,"level":"INFO","message":"baseline-test-d90fdef4-b454-41c2-b70f-bc4ad7433cb0"}
{"timestamp":1765006789952,"level":"INFO","message":"baseline-test-7546b454-4ada-453c-b1c7-7bbef13b94cb"}
{"timestamp":1765006789955,"level":"INFO","message":"baseline-test-3818b4fd-26f8-4e21-bb34-3695b8dca393"}
{"timestamp":1765006789958,"level":"INFO","message":"baseline-test-ed595d40-95d6-4a98-8404-49f41d0fc20d"}
{"timestamp":1765006789959,"level":"INFO","message":"baseline-test-1d2f8666-3002-45f2-b830-abe856a0f704"}
{"timestamp":1765006789944,"level":"INFO","message":"baseline-test-7ab3fe3b-1894-4489-9ee1-6c4a68cfcac0"}
{"timestamp":1765006789935,"level":"INFO","message":"baseline-test-9aca1f9d-66d4-4d36-a1bf-a019c803c836"}
{"timestamp":1765006789941,"level":"INFO","message":"baseline-test-7ee05259-53ca-4dfe-ab0b-e81b20156d7d"}
{"timestamp":1765006789961,"level":"INFO","message":"baseline-test-cce1e949-8790-46ea-8a83-231dadd307db"}
{"timestamp":1765006789962,"level":"INFO","message":"baseline-test-e7cebd96-91c4-42ce-8617-324a2be2db78"}
{"timestamp":1765006789967,"level":"INFO","message":"baseline-test-563db50f-0fb2-403a-9d25-b3e9ab43da97"}
{"timestamp":1765006789970,"level":"INFO","message":"baseline-test-51a0b04e-8145-4010-911b-9bd7a124f97e"}
{"timestamp":1765006789968,"level":"INFO","message":"baseline-test-58bf48fe-7eb4-4680-a4b7-35adb03fa1fd"}
{"timestamp":1765006789974,"level":"INFO","message":"baseline-test-0065944b-634d-4276-b185-4dea6bbd5e03"}
{"timestamp":1765006789974,"level":"INFO","message":"baseline-test-7f70974c-2acc-4316-a79d-f83fdb7810a2"}
{"timestamp":1765006789976,"level":"INFO","message":"baseline-test-1d9c71f9-0cf8-4a1a-8b8b-077e72da2c4d"}
{"timestamp":1765006789978,"level":"INFO","message":"baseline-test-2d92cf51-64ab-4eff-8227-8515a34e1780"}
{"timestamp":1765006789984,"level":"INFO","message":"baseline-test-98289584-f6fb-4e8f-87f4-88ecf8463455"}
{"timestamp":1765006789988,"level":"INFO","message":"baseline-test-b68eb73c-71db-4a8c-9c92-bcb6dcaa16fc"}
{"timestamp":1765006789987,"level":"INFO","message":"baseline-test-007e31ca-c4c0-4284-a0f1-93e619a98c05"}
{"timestamp":1765006789990,"level":"INFO","message":"baseline-test-e2444474-674e-4fe2-8314-27bbb6db9654"}
{"timestamp":1765006789991,"level":"INFO","message":"baseline-test-df0b6764-c37b-45d4-bf05-ad6081e0fb0e"}
{"timestamp":1765006789976,"level":"INFO","message":"baseline-test-0f27e11c-f6fe-4715-8e45-45350f3836e7"}
{"timestamp":1765006789976,"level":"INFO","message":"baseline-test-5d7c3d57-4b06-40c7-9520-90a1f9a3deaf"}
{"timestamp":1765006789966,"level":"INFO","message":"baseline-test-7828bffe-ff25-4caf-b588-e29970d21c40"}
{"timestamp":1765006789995,"level":"INFO","message":"baseline-test-5dedfd2b-1e4e-4013-8971-18cacd19bae4"}
{"timestamp":1765006789994,"level":"INFO","message":"baseline-test-12311345-bf6b-4a1e-9db6-1b988c28a47c"}
{"timestamp":1765006789998,"level":"INFO","message":"baseline-test-4dbf69c6-60ac-42de-9993-3e9388a167d1"}
{"timestamp":1765006790003,"level":"INFO","message":"baseline-test-e6603921-ecf6-469a-bdad-b7ab964ca07f"}
{"timestamp":1765006789999,"level":"INFO","message":"baseline-test-f86a8e39-538a-49a9-a572-748222194ffb"}
{"timestamp":1765006789995,"level":"INFO","message":"baseline-test-c307b439-3364-4ff2-8174-5f789249ccb4"}
{"timestamp":1765006789999,"level":"INFO","message":"baseline-test-d8a4592a-1dc0-4c8c-aa72-18c92ee6a8eb"}
{"timestamp":1765006789995,"level":"INFO","message":"baseline-test-36fe6f8d-1ea1-460b-8c4f-d1e3cedea205"}
{"timestamp":1765006790004,"level":"INFO","message":"baseline-test-81a485bb-4ebe-4be0-a897-cbd966bbce34"}
{"timestamp":1765006790005,"level":"INFO","message":"baseline-test-a977d077-1a2d-472d-90cb-677816aa8229"}
{"timestamp":1765006790008,"level":"INFO","message":"baseline-test-01ed0002-67f7-4fb3-960c-620d068039dc"}
{"timestamp":1765006790010,"level":"INFO","message":"baseline-test-c2da27aa-208d-4adc-8958-45cb0dc3aa68"}
{"timestamp":1765006790010,"level":"INFO","message":"baseline-test-e408cb1d-595d-466c-bda6-e3b520a5932e"}
{"timestamp":1765006790012,"level":"INFO","message":"baseline-test-40651feb-d7ce-4ae2-ae39-a07ed18bc0ab"}
{"timestamp":1765006790015,"level":"INFO","message":"baseline-test-edbca8d1-33f8-4951-911f-912d07756b2c"}
{"timestamp":1765006790018,"level":"INFO","message":"baseline-test-70497da3-8bf9-4779-b662-e7536011ba0e"}
{"timestamp":1765006790018,"level":"INFO","message":"baseline-test-f531a0a4-b520-428e-9819-53e952303e65"}
{"timestamp":1765006790022,"level":"INFO","message":"baseline-test-9ee9f16c-73a5-45f3-9cb7-3d684d04d6dd"}
{"timestamp":1765006790022,"level":"INFO","message":"baseline-test-63d745ec-df78-4d8e-82d3-a24b35af5265"}
{"timestamp":1765006790023,"level":"INFO","message":"baseline-test-0db05faf-1bf7-416c-8af9-29684d984f91"}
{"timestamp":1765006790025,"level":"INFO","message":"baseline-test-2d5cc044-10a7-4936-9935-1c33d1b2149f"}
{"timestamp":1765006790028,"level":"INFO","message":"baseline-test-4894f49c-7e53-434c-8bd9-8aa10ce08f9e"}
{"timestamp":1765006790031,"level":"INFO","message":"baseline-test-6ac5b7af-7de7-4558-b7aa-4e05be34698a"}
{"timestamp":1765006790034,"level":"INFO","message":"baseline-test-f1b65d6a-2602-49db-a1b4-574a982f18e9"}
{"timestamp":1765006790036,"level":"INFO","message":"baseline-test-7e3a182f-91ca-4961-9212-addd19b87af9"}
{"timestamp":1765006790013,"level":"INFO","message":"baseline-test-afaba897-9cc2-485b-8696-6228902b4626"}
{"timestamp":1765006790041,"level":"INFO","message":"baseline-test-de9cf91b-0ac9-4e2a-8f0a-4ca8cbcf5068"}
{"timestamp":1765006790043,"level":"INFO","message":"baseline-test-ac9555b0-3fec-4dfc-9233-27ba91ef9ce1"}
{"timestamp":1765006790044,"level":"INFO","message":"baseline-test-950fac9c-d122-4c7c-ad9b-d4d3d3b1f946"}
{"timestamp":1765006790046,"level":"INFO","message":"baseline-test-91f1c93a-dfe5-420d-bbaa-2e3a3d9336bb"}
{"timestamp":1765006790049,"level":"INFO","message":"baseline-test-914af1ac-4c1b-411c-813d-99b2d2dc7d37"}
{"timestamp":1765006790051,"level":"INFO","message":"baseline-test-ea219698-9be0-412c-b8ca-832f64d75b1b"}
{"timestamp":1765006790052,"level":"INFO","message":"baseline-test-145c2fe7-beaa-40ac-b18f-b0c855bea948"}
{"timestamp":1765006790054,"level":"INFO","message":"baseline-test-238de210-6ef4-4dd6-bdac-a095a939bb90"}
{"timestamp":1765006790037,"level":"INFO","message":"baseline-test-f4e56b3e-c066-4055-b514-98a754f2e851"}
{"timestamp":1765006790038,"level":"INFO","message":"baseline-test-7638064c-a31d-4b0f-80a5-ee6aaf369338"}
{"timestamp":1765006790026,"level":"INFO","message":"baseline-test-34ec8af2-a701-40d9-b41d-e69fd046e7b9"}
{"timestamp":1765006790055,"level":"INFO","message":"baseline-test-85c9325a-6635-45c8-a906-45dd3bce289c"}
{"timestamp":1765006790029,"level":"INFO","message":"baseline-test-029d829e-68fc-4eca-bada-bbb0f0b8ebe8"}
{"timestamp":1765006790058,"level":"INFO","message":"baseline-test-f7e1cb53-bec5-42e8-ac2f-1ad81b8751ae"}
{"timestamp":1765006790058,"level":"INFO","message":"baseline-test-56f9f97c-ee0e-49b3-8db0-3a9a3bcbd436"}
{"timestamp":1765006790065,"level":"INFO","message":"baseline-test-96d9fad3-1d3d-4cf0-8b3e-2d81bada2d1d"}
{"timestamp":1765006790064,"level":"INFO","message":"baseline-test-798e5089-1b9e-4c57-9019-035b07b91ea8"}
{"timestamp":1765006790064,"level":"INFO","message":"baseline-test-439dae20-4795-410c-b1ff-ee333cfc7380"}
{"timestamp":1765006790064,"level":"INFO","message":"baseline-test-81753fd5-dc01-4816-a16f-efea79db87ce"}
{"timestamp":1765006790048,"level":"INFO","message":"baseline-test-3987ed6a-8915-41f9-809e-89e76dd43605"}
{"timestamp":1765006790065,"level":"INFO","message":"baseline-test-374d54ec-ebff-4bad-8e7a-fa8ca3e7756d"}
{"timestamp":1765006790070,"level":"INFO","message":"baseline-test-93a4439e-1911-4d94-9393-974a3e550e36"}
{"timestamp":1765006790074,"level":"INFO","message":"baseline-test-3a66fc34-f3ea-4e26-9d5c-209f0a9f64ce"}
{"timestamp":1765006790078,"level":"INFO","message":"baseline-test-7ed0ad7f-4c16-4dd9-ba1b-55c336836944"}
{"timestamp":1765006790081,"level":"INFO","message":"baseline-test-0de6b4d0-c439-46ed-a24e-3241c38f48fb"}
{"timestamp":1765006790082,"level":"INFO","message":"baseline-test-72f48ed5-f696-41bd-89de-f0c1cc4ff390"}
{"timestamp":1765006790083,"level":"INFO","message":"baseline-test-98a810a4-2b7c-4330-8515-e6b0a9cc0817"}
{"timestamp":1765006790086,"level":"INFO","message":"baseline-test-352a5c75-b49a-43e8-8077-c3e95ed7ae90"}
{"timestamp":1765006790087,"level":"INFO","message":"baseline-test-2bf40731-e44c-42d4-ab03-9e3bc3dad73a"}
{"timestamp":1765006790093,"level":"INFO","message":"baseline-test-33037e53-ba38-4266-aa2f-0fb34587235e"}
{"timestamp":1765006790091,"level":"INFO","message":"baseline-test-0f423dc7-a543-41fe-9c29-eed96b71f74f"}
{"timestamp":1765006790092,"level":"INFO","message":"baseline-test-278faf24-68a6-4b25-8e8b-3b9c0e20f6c2"}
{"timestamp":1765006790099,"level":"INFO","message":"baseline-test-ccddd5f5-ee35-4424-b2d1-9de7e6811915"}
{"timestamp":1765006790076,"level":"INFO","message":"baseline-test-90da010a-62b0-4e63-a321-9caabc603ac1"}
{"timestamp":1765006790101,"level":"INFO","message":"baseline-test-5295ba85-fbee-4f71-ac57-1ecbaff41d0e"}
{"timestamp":1765006790103,"level":"INFO","message":"baseline-test-c972daba-1377-42c9-809c-0ef21335378c"}
{"timestamp":1765006790108,"level":"INFO","message":"baseline-test-47f7304a-fc48-4da8-8cc5-af1729fdc3b4"}
{"timestamp":1765006790109,"level":"INFO","message":"baseline-test-4f9cf2dc-36f9-4b86-91c8-99ecb64e2b15"}
{"timestamp":1765006790110,"level":"INFO","message":"baseline-test-78d94a09-d01a-4f8a-9be5-6cdb6cba5378"}
{"timestamp":1765006790113,"level":"INFO","message":"baseline-test-73b826fc-6435-4eef-858f-4b8249c3b960"}
{"timestamp":1765006790114,"level":"INFO","message":"baseline-test-d4ad3998-0313-4a67-8343-2a5cf789004f"}
{"timestamp":1765006790098,"level":"INFO","message":"baseline-test-9380c002-bead-4f5e-baf0-22e6143c05cd"}
{"timestamp":1765006790101,"level":"INFO","message":"baseline-test-6c654a60-3b09-4ecf-95db-3b3dcad4fd0c"}
{"timestamp":1765006790095,"level":"INFO","message":"baseline-test-da2e8219-d788-456f-98a3-1be404afa9a8"}
{"timestamp":1765006790118,"level":"INFO","message":"baseline-test-7b82b08f-5c67-4ca6-b42c-31b6b09f0025"}
{"timestamp":1765006790118,"level":"INFO","message":"baseline-test-022d2500-af09-4cc8-92d8-8ca90f99b7b6"}
{"timestamp":1765006790124,"level":"INFO","message":"baseline-test-f34480d1-28e8-40c0-887c-1abb68877d3a"}
{"timestamp":1765006790121,"level":"INFO","message":"baseline-test-f44dceea-7c2a-461d-b1da-48d579e96373"}
{"timestamp":1765006790125,"level":"INFO","message":"baseline-test-3e8eba69-513c-4d13-b9bb-cf1642149f95"}
{"timestamp":1765006790127,"level":"INFO","message":"baseline-test-7405446e-ae36-499a-ac55-f864126247a1"}
{"timestamp":1765006790130,"level":"INFO","message":"baseline-test-44ee9d84-a404-4b7e-b2c5-cd54acd4ea13"}
{"timestamp":1765006790131,"level":"INFO","message":"baseline-test-4ecefc67-15e7-4c4c-adb7-d269d556238a"}
{"timestamp":1765006790116,"level":"INFO","message":"baseline-test-a1918949-dcc1-411a-bff9-d63e2760ddf5"}
{"timestamp":1765006790134,"level":"INFO","message":"baseline-test-b34541ee-1921-4965-b6bd-b5d1ceeead50"}
{"timestamp":1765006790108,"level":"INFO","message":"baseline-test-1fc7b86b-6073-470e-b151-401938cc3a01"}
{"timestamp":1765006790135,"level":"INFO","message":"baseline-test-2a5069f9-9987-4485-ac22-8ccbaa5f2e30"}
{"timestamp":1765006790143,"level":"INFO","message":"baseline-test-92cf95bf-d9e4-4a24-8094-b3bd252ada3f"}
{"timestamp":1765006790143,"level":"INFO","message":"baseline-test-c596591e-c687-4c5e-a7ed-08a5bd206b2f"}
{"timestamp":1765006790143,"level":"INFO","message":"baseline-test-1a2d9fcf-d506-4c12-aec6-2c6d2af8219c"}
{"timestamp":1765006790137,"level":"INFO","message":"baseline-test-45f64dc6-1eeb-4253-8671-3434ba293cfe"}
{"timestamp":1765006790150,"level":"INFO","message":"baseline-test-f7ed9bb4-4c0c-4881-811d-42603451d0be"}
{"timestamp":1765006790153,"level":"INFO","message":"baseline-test-120bda33-b50c-48a0-9c28-02c809d8f904"}
{"timestamp":1765006790155,"level":"INFO","message":"baseline-test-778fa058-b020-47d1-a5f6-d25267dadce0"}
{"timestamp":1765006790155,"level":"INFO","message":"baseline-test-510d3c99-b255-4928-8ff5-3b63fd6bca7e"}
{"timestamp":1765006790161,"level":"INFO","message":"baseline-test-f5caccc0-abe1-404c-94f4-ad3e3745a7a9"}
{"timestamp":1765006790161,"level":"INFO","message":"baseline-test-aa43df51-8453-489f-9707-3ed407747c0f"}
{"timestamp":1765006790168,"level":"INFO","message":"baseline-test-903f51e1-cfad-47fc-9879-a5a9dbf4e89d"}
{"timestamp":1765006790164,"level":"INFO","message":"baseline-test-8247b48e-c777-4a83-8fe6-51bc46d9c82e"}
{"timestamp":1765006790171,"level":"INFO","message":"baseline-test-05c15f15-7e99-4fbc-9674-bf3af3ca2015"}
{"timestamp":1765006790171,"level":"INFO","message":"baseline-test-c1fdb829-dfe5-46cd-a32f-6cabd7751696"}
{"timestamp":1765006790174,"level":"INFO","message":"baseline-test-dbf2cf88-1587-4308-818a-d1529bd2d581"}
{"timestamp":1765006790174,"level":"INFO","message":"baseline-test-e4db9c91-c33c-4d05-b6cb-cb0bf6d0cb53"}
{"timestamp":1765006790176,"level":"INFO","message":"baseline-test-661db089-a1fa-4da8-b8d6-ffcdec3b0f0b"}
{"timestamp":1765006790179,"level":"INFO","message":"baseline-test-77cf97be-baf6-4538-b3aa-e3ebc2c47b2f"}
{"timestamp":1765006790179,"level":"INFO","message":"baseline-test-7de80c10-b084-4379-a88a-1e3b6a8cf4e5"}
{"timestamp":1765006790159,"level":"INFO","message":"baseline-test-610bd03e-c7b7-49d6-a774-a5e78884ac88"}
{"timestamp":1765006790178,"level":"INFO","message":"baseline-test-7bb2874c-75d7-4125-b166-476fa1422835"}
{"timestamp":1765006790185,"level":"INFO","message":"baseline-test-3cd337e4-2abe-4dcb-823c-d47f847ad14a"}
{"timestamp":1765006790186,"level":"INFO","message":"baseline-test-fd5a878e-dd3f-4dc7-9d67-3dc338b7bb90"}
{"timestamp":1765006790193,"level":"INFO","message":"baseline-test-f6526691-6c2c-44da-ad31-f9ebddf82ba9"}
{"timestamp":1765006790194,"level":"INFO","message":"baseline-test-16dbe803-9c4f-4c0f-924b-e5d6c2dc77f0"}
{"timestamp":1765006790193,"level":"INFO","message":"baseline-test-c5b37639-8b7c-4dbc-9faf-c1850ac9bbb7"}
{"timestamp":1765006790193,"level":"INFO","message":"baseline-test-bf79dfd4-4ae4-407f-bd02-4ad63b9a88c5"}
{"timestamp":1765006790198,"level":"INFO","message":"baseline-test-282d56c9-782d-406a-9540-0db5d72e11c5"}
{"timestamp":1765006790195,"level":"INFO","message":"baseline-test-2cf42f30-fbc7-46c1-9511-e319516485f3"}
{"timestamp":1765006790205,"level":"INFO","message":"baseline-test-20004a99-d156-43b4-8d1b-df5824170c10"}
{"timestamp":1765006790203,"level":"INFO","message":"baseline-test-8736e1e4-d364-4642-bf72-ed98b834dde6"}
{"timestamp":1765006790209,"level":"INFO","message":"baseline-test-21a7a9fd-2b7e-4cc0-a2b5-51528ce38ac5"}
{"timestamp":1765006790209,"level":"INFO","message":"baseline-test-7b521cec-9543-4264-a117-0be6e7f558e4"}
{"timestamp":1765006790212,"level":"INFO","message":"baseline-test-f9691863-ea1d-473d-924d-1438c68c00fa"}
{"timestamp":1765006790212,"level":"INFO","message":"baseline-test-73a61a0d-b43f-4328-91d5-4d5645dddbfb"}
{"timestamp":1765006790217,"level":"INFO","message":"baseline-test-e83e3c2b-0098-48d5-b627-75a4fac2303a"}
{"timestamp":1765006790220,"level":"INFO","message":"baseline-test-8aca1fc2-0577-4df7-84e4-dc7f324396e1"}
{"timestamp":1765006790223,"level":"INFO","message":"baseline-test-0f318116-01f4-47ca-9c2c-624c1de7721e"}
{"timestamp":1765006790225,"level":"INFO","message":"baseline-test-ffb80cc0-9621-4934-ab37-33aaecf2c45a"}
{"timestamp":1765006790204,"level":"INFO","message":"baseline-test-eef01f51-006b-4ca6-9ae3-b0f0fcb195fa"}
{"timestamp":1765006790200,"level":"INFO","message":"baseline-test-39510829-ab47-475b-bc15-0a7a6a7b4cce"}
{"timestamp":1765006790211,"level":"INFO","message":"baseline-test-163ad8eb-ad78-47e4-9f48-68cc36053ed9"}
{"timestamp":1765006790228,"level":"INFO","message":"baseline-test-0f5f98c5-825c-42be-9b5e-ff4a0e0d9197"}
{"timestamp":1765006790228,"level":"INFO","message":"baseline-test-e1c97033-6c90-4e92-83f5-1aa91d740fa7"}
{"timestamp":1765006790233,"level":"INFO","message":"baseline-test-5af353f4-6a29-40b9-a453-b609cdb8732d"}
{"timestamp":1765006790233,"level":"INFO","message":"baseline-test-116f2055-e520-475d-aa43-09bad26dd759"}
{"timestamp":1765006790235,"level":"INFO","message":"baseline-test-8030ff9b-d715-49c9-8b95-be7e34627834"}
{"timestamp":1765006790224,"level":"INFO","message":"baseline-test-99b6079b-efb1-4fc1-b3e5-8c3083984965"}
{"timestamp":1765006790236,"level":"INFO","message":"baseline-test-bca5fe7e-4872-4493-9be3-a1541e6df91e"}
{"timestamp":1765006790245,"level":"INFO","message":"baseline-test-110d0a0b-ce08-4759-b136-ea601eb8d771"}
{"timestamp":1765006790245,"level":"INFO","message":"baseline-test-d58633fc-d883-4820-90c3-c610a8ecd3fb"}
{"timestamp":1765006790248,"level":"INFO","message":"baseline-test-8f30d21a-e39f-4704-ba32-7c453856d2b6"}
{"timestamp":1765006790253,"level":"INFO","message":"baseline-test-306b815a-2ad8-4a64-aeca-b7a89d4c2d86"}
{"timestamp":1765006790255,"level":"INFO","message":"baseline-test-0b22e822-db6a-4c08-8acc-a5dde499a36d"}
{"timestamp":1765006790256,"level":"INFO","message":"baseline-test-1ba65553-90cc-41ea-9ce2-6438d665654f"}
{"timestamp":1765006790265,"level":"INFO","message":"baseline-test-229bce24-a9aa-4712-bf9b-f14247ab1787"}
{"timestamp":1765006790267,"level":"INFO","message":"baseline-test-808b1a2f-b3c4-48a9-a16c-5beb56b77141"}
{"timestamp":1765006790265,"level":"INFO","message":"baseline-test-aba77ba1-3683-46fc-ba90-5fc146773b79"}
{"timestamp":1765006790257,"level":"INFO","message":"baseline-test-5b08134b-cebb-43e4-8254-a7c73835ad95"}
{"timestamp":1765006790241,"level":"INFO","message":"baseline-test-ec4007e8-3f02-4180-aa61-c5240b9f8ddc"}
{"timestamp":1765006790270,"level":"INFO","message":"baseline-test-67f8326a-8e6c-4f58-a40f-18fd02357574"}
{"timestamp":1765006790269,"level":"INFO","message":"baseline-test-74bcef10-e88f-4cc0-80f6-1ba4d6d681d9"}
{"timestamp":1765006790274,"level":"INFO","message":"baseline-test-be0826db-09fe-4864-b660-d745186e25de"}
{"timestamp":1765006790274,"level":"INFO","message":"baseline-test-e1e72350-0d84-4beb-be7a-ed021e3351c7"}
{"timestamp":1765006790282,"level":"INFO","message":"baseline-test-59eb38ce-554f-4e54-9e4b-8b99113fd7b4"}
{"timestamp":1765006790282,"level":"INFO","message":"baseline-test-69cbcf07-1104-402d-a417-dcddeb7a6286"}
{"timestamp":1765006790283,"level":"INFO","message":"baseline-test-a312a22d-43c5-44cf-ae3e-eccb34bc5f43"}
{"timestamp":1765006790284,"level":"INFO","message":"baseline-test-5187c159-7c30-4c44-b28f-830e1f6f7b0c"}
{"timestamp":1765006790295,"level":"INFO","message":"baseline-test-836a02c3-5a28-49e0-b955-63e70e67f173"}
{"timestamp":1765006790299,"level":"INFO","message":"baseline-test-0ffec1cc-7576-4f4d-9a5b-786667d02d2b"}
{"timestamp":1765006790295,"level":"INFO","message":"baseline-test-91379404-8c2f-4451-994b-fe2079341425"}
{"timestamp":1765006790297,"level":"INFO","message":"baseline-test-3742e0d9-c88c-40ed-a0cf-03a5cbbea228"}
{"timestamp":1765006790301,"level":"INFO","message":"baseline-test-fd01b4ba-528c-42bf-b493-f7eb837cc9ab"}
{"timestamp":1765006790289,"level":"INFO","message":"baseline-test-e676f8f2-cef1-4a0d-9f3e-52d9842616c4"}
{"timestamp":1765006790295,"level":"INFO","message":"baseline-test-f580360d-caee-4517-97d1-46b0744d7d74"}
{"timestamp":1765006790302,"level":"INFO","message":"baseline-test-147da3d0-77c2-4b46-b81d-75b118a50a71"}
{"timestamp":1765006790304,"level":"INFO","message":"baseline-test-05a64e47-7154-4ede-a170-04493280585f"}
{"timestamp":1765006790307,"level":"INFO","message":"baseline-test-e960fdd4-4e70-4cd6-bf0c-ef4a84b5dc6b"}
{"timestamp":1765006790309,"level":"INFO","message":"baseline-test-bfe74403-ef2a-46f6-8622-9a8149e89a34"}
{"timestamp":1765006790316,"level":"INFO","message":"baseline-test-ba93b84c-859a-4bed-b8ec-1db6ec99b86d"}
{"timestamp":1765006790314,"level":"INFO","message":"baseline-test-5d7fdb57-86bd-4197-a73e-5c74d6a14fdc"}
{"timestamp":1765006790314,"level":"INFO","message":"baseline-test-377676fe-adb9-41b1-9254-73ccb2efa307"}
{"timestamp":1765006790318,"level":"INFO","message":"baseline-test-e0da156b-f7e4-457d-bb64-18131e1d82ba"}
{"timestamp":1765006790317,"level":"INFO","message":"baseline-test-df6174de-5c9c-4e92-ac6c-0bd2fc837390"}
{"timestamp":1765006790326,"level":"INFO","message":"baseline-test-411c8e37-4cef-4757-9ca4-322454ff41d4"}
{"timestamp":1765006790326,"level":"INFO","message":"baseline-test-ff6d5287-e869-4603-807d-7c12a57fe162"}
{"timestamp":1765006790329,"level":"INFO","message":"baseline-test-f96d869e-8d3a-4d9c-90bc-219211c7e106"}
{"timestamp":1765006790317,"level":"INFO","message":"baseline-test-e0fb4e3e-8edc-4a76-8279-feb6fbcae646"}
{"timestamp":1765006790336,"level":"INFO","message":"baseline-test-ca0ec6bd-62c6-4f4e-bd78-68ce33bb5d8b"}
{"timestamp":1765006790336,"level":"INFO","message":"baseline-test-84817ffa-fc0e-43aa-b6a4-c3c3918f3d08"}
{"timestamp":1765006790338,"level":"INFO","message":"baseline-test-a6b35ed5-9cb6-4d80-b19d-40d34b5c3bfa"}
{"timestamp":1765006790340,"level":"INFO","message":"baseline-test-237fc1ff-8ea9-46bc-8964-459144a814cf"}
{"timestamp":1765006790342,"level":"INFO","message":"baseline-test-fe41a0ae-403a-43e6-b6a3-8fb78e0fe3cf"}
{"timestamp":1765006790343,"level":"INFO","message":"baseline-test-e198c425-313a-4e23-8716-b25e76fbe66a"}
{"timestamp":1765006790348,"level":"INFO","message":"baseline-test-61dde651-cb10-47ae-b9a3-2a27e37db55a"}
{"timestamp":1765006790325,"level":"INFO","message":"baseline-test-a12930e1-b559-42f2-baa3-17e96b7f3342"}
{"timestamp":1765006790357,"level":"INFO","message":"baseline-test-bfe91c9e-f5d0-44be-b129-107eaf1d18e4"}
{"timestamp":1765006790357,"level":"INFO","message":"baseline-test-edd85775-817f-471c-9571-26f397229790"}
{"timestamp":1765006790352,"level":"INFO","message":"baseline-test-25eac729-6a5f-469b-9600-a5944ebe33b5"}
{"timestamp":1765006790346,"level":"INFO","message":"baseline-test-a850528d-c493-4df5-99f0-950113cb65ae"}
{"timestamp":1765006790373,"level":"INFO","message":"baseline-test-2393973f-60e2-4a30-9d06-602e07f573d6"}
{"timestamp":1765006790376,"level":"INFO","message":"baseline-test-9e195362-f109-41b2-82fb-0fcc84385b47"}
{"timestamp":1765006790379,"level":"INFO","message":"baseline-test-f0278c4b-cfd8-45cf-b493-00e9aa19d58e"}
{"timestamp":1765006790383,"level":"INFO","message":"baseline-test-4fa2cf5a-ddae-4064-afc8-b479e83298a3"}
{"timestamp":1765006790362,"level":"INFO","message":"baseline-test-669a0b44-eea8-4fae-be35-338704c79c17"}
{"timestamp":1765006790356,"level":"INFO","message":"baseline-test-413858f3-254a-41cd-8873-06b5eb6fb708"}
{"timestamp":1765006790363,"level":"INFO","message":"baseline-test-65786699-f808-4a59-99a2-077b5a02fca1"}
{"timestamp":1765006790385,"level":"INFO","message":"baseline-test-624ca885-55fa-41fc-af97-0140d5e0854e"}
{"timestamp":1765006790388,"level":"INFO","message":"baseline-test-38f77620-25e4-450d-b473-052c86243b94"}
{"timestamp":1765006790389,"level":"INFO","message":"baseline-test-2f3fc3ae-c4d0-41cb-86ab-6f1cb9d4f5b8"}
{"timestamp":1765006790374,"level":"INFO","message":"baseline-test-8fb37805-89eb-4aad-987f-7fa956bc67dd"}
{"timestamp":1765006790403,"level":"INFO","message":"baseline-test-16ab0508-4731-41cc-b8cb-a86d41042210"}
{"timestamp":1765006790405,"level":"INFO","message":"baseline-test-346e4ce6-56e4-405a-ab1c-aa25f6e02afd"}
{"timestamp":1765006790394,"level":"INFO","message":"baseline-test-9520f4fe-5bf9-4f27-9580-bb56dea89311"}
{"timestamp":1765006790395,"level":"INFO","message":"baseline-test-0540c3b2-443d-4e93-912e-a94c9cfb9617"}
{"timestamp":1765006790388,"level":"INFO","message":"baseline-test-ec6c7586-34a7-421b-a87f-1cd5deae070e"}
{"timestamp":1765006790389,"level":"INFO","message":"baseline-test-19fa17dd-2e8c-4671-a12a-593a3276e135"}
{"timestamp":1765006790419,"level":"INFO","message":"baseline-test-c3b215e8-2fe8-46ae-bc26-96c7032ba3ba"}
{"timestamp":1765006790418,"level":"INFO","message":"baseline-test-16e36954-eb44-49c4-9ad7-2c04cd1c3c79"}
{"timestamp":1765006790422,"level":"INFO","message":"baseline-test-a414ecaf-97aa-4c07-a7c3-b88d265a2938"}
{"timestamp":1765006790423,"level":"INFO","message":"baseline-test-2f992dc4-4a48-460f-8d98-63692d4daa59"}
{"timestamp":1765006790423,"level":"INFO","message":"baseline-test-616e9abe-ba44-4cc2-86c1-4a98914e3e5b"}
{"timestamp":1765006790424,"level":"INFO","message":"baseline-test-635228ff-0e90-40cb-9f29-305e7eb5edcb"}
{"timestamp":1765006790410,"level":"INFO","message":"baseline-test-e7155dd0-3dd7-4c57-948a-862b215d4829"}
{"timestamp":1765006790408,"level":"INFO","message":"baseline-test-0eafab5c-c533-4fce-b10a-704dbbb21e4c"}
{"timestamp":1765006790428,"level":"INFO","message":"baseline-test-6015071d-b4ec-4b83-8dae-9fce4154250f"}
{"timestamp":1765006790429,"level":"INFO","message":"baseline-test-867728b8-2944-4c03-bc0d-92db8d9be921"}
{"timestamp":1765006790427,"level":"INFO","message":"baseline-test-410bc9fd-f9a5-4518-96a0-bcad577a1467"}
{"timestamp":1765006790432,"level":"INFO","message":"baseline-test-44124964-31d7-45a8-ac71-6b727d9be123"}
{"timestamp":1765006790430,"level":"INFO","message":"baseline-test-4588d741-56c3-4e20-a8c8-7e3c94145072"}
{"timestamp":1765006790435,"level":"INFO","message":"baseline-test-2ef5d1fd-1eaa-4419-91e7-e580e615aca3"}
{"timestamp":1765006790438,"level":"INFO","message":"baseline-test-f099b930-3cfc-4b8e-ade3-210a19d2c54a"}
{"timestamp":1765006790435,"level":"INFO","message":"baseline-test-71d59c90-81e9-4008-8929-2d9e2da4a2a6"}
{"timestamp":1765006790439,"level":"INFO","message":"baseline-test-be272dc0-3943-4814-98ab-9f7967a3102f"}
{"timestamp":1765006790443,"level":"INFO","message":"baseline-test-163a864f-888c-4b9a-9f9a-a2fc9a1b242d"}
{"timestamp":1765006790444,"level":"INFO","message":"baseline-test-c00a7316-a06e-4ec6-9208-975ce298a3de"}
{"timestamp":1765006790448,"level":"INFO","message":"baseline-test-b048384d-3589-40cd-80f0-fc37313a3fd0"}
{"timestamp":1765006790450,"level":"INFO","message":"baseline-test-7771b2d8-5fac-4f17-9f44-ba93d3368f34"}
{"timestamp":1765006790451,"level":"INFO","message":"baseline-test-13956ccb-1e30-4a63-bc45-92baa98676d5"}
{"timestamp":1765006790447,"level":"INFO","message":"baseline-test-4bfe8f29-8e81-4cab-9982-71f515636653"}
{"timestamp":1765006790456,"level":"INFO","message":"baseline-test-38e69d72-b0a5-44e3-90d4-8ffd82913ad5"}
{"timestamp":1765006790459,"level":"INFO","message":"baseline-test-b765fa3e-7076-4414-8246-b19cc7fe9fe7"}
{"timestamp":1765006790461,"level":"INFO","message":"baseline-test-7ddbc1e2-8c69-48d5-bfe0-233c58b5f2db"}
{"timestamp":1765006790465,"level":"INFO","message":"baseline-test-4a64231a-9a00-4147-aa80-19bef86420b3"}
{"timestamp":1765006790466,"level":"INFO","message":"baseline-test-2b9dede0-9cb6-4c5b-b51e-c8a2f6b16f53"}
{"timestamp":1765006790470,"level":"INFO","message":"baseline-test-448ccc63-5fec-402c-a6ed-07501dd84ab7"}
{"timestamp":1765006790471,"level":"INFO","message":"baseline-test-4d5c937a-95ce-4d44-b696-52f9d31503e3"}
{"timestamp":1765006790458,"level":"INFO","message":"baseline-test-0793d853-32fd-4cb8-a7a5-b78852206f69"}
{"timestamp":1765006790460,"level":"INFO","message":"baseline-test-a10df12b-ce5e-4e61-bdac-2143c17405d3"}
{"timestamp":1765006790476,"level":"INFO","message":"baseline-test-8605a299-868e-494f-90f1-9aee5ee79bfb"}
{"timestamp":1765006790474,"level":"INFO","message":"baseline-test-2510d97d-b053-4d37-a888-de7036896eb5"}
{"timestamp":1765006790474,"level":"INFO","message":"baseline-test-3dc62ba2-0e29-48a2-86ca-9ba4ef4823c6"}
{"timestamp":1765006790481,"level":"INFO","message":"baseline-test-99b58aa9-efc6-4933-8c6f-8834c58dd887"}
{"timestamp":1765006790481,"level":"INFO","message":"baseline-test-34ed4999-ed44-407e-a286-23dbac2895dd"}
{"timestamp":1765006790485,"level":"INFO","message":"baseline-test-dfc4763b-a267-48fb-8ff1-7301431fdfa5"}
{"timestamp":1765006790490,"level":"INFO","message":"baseline-test-e590bf3a-eff1-49b6-af2d-16adbf3e0f2b"}
{"timestamp":1765006790465,"level":"INFO","message":"baseline-test-e713f157-6cd0-4347-8bb6-cac5bc966e8c"}
{"timestamp":1765006790491,"level":"INFO","message":"baseline-test-fdfdce62-8ff9-4111-b7d2-272c1f4c2b70"}
{"timestamp":1765006790488,"level":"INFO","message":"baseline-test-3b70e963-f12b-4766-bc02-173a2ba8dd0f"}
{"timestamp":1765006790495,"level":"INFO","message":"baseline-test-c080c5f9-91bc-48b1-b97b-a4726cc7bd4d"}
{"timestamp":1765006790492,"level":"INFO","message":"baseline-test-3847464e-781e-472d-a772-86c02b9ef498"}
{"timestamp":1765006790494,"level":"INFO","message":"baseline-test-76c21def-637d-44e8-9f22-d949baa08400"}
{"timestamp":1765006790495,"level":"INFO","message":"baseline-test-3f8983fa-45e1-4adb-a5cc-cc95d8c598d0"}
{"timestamp":1765006790498,"level":"INFO","message":"baseline-test-3640f73a-2d0a-48fe-94a8-f320ad82e04f"}
{"timestamp":1765006790500,"level":"INFO","message":"baseline-test-46232569-c715-44c9-b9a0-cc9842165963"}
{"timestamp":1765006790505,"level":"INFO","message":"baseline-test-395f8a23-4ac3-4a68-bdb7-46ee35c79d4f"}
{"timestamp":1765006790508,"level":"INFO","message":"baseline-test-b0e58912-a5d4-4022-b328-0f827dee54ce"}
{"timestamp":1765006790508,"level":"INFO","message":"baseline-test-b38e111c-c020-4e5e-8ada-43776d5ab1e1"}
{"timestamp":1765006790624,"level":"INFO","message":"baseline-test-0b84922d-92dd-4771-b290-9baba00796b8"}
{"timestamp":1765006790626,"level":"INFO","message":"baseline-test-177b5dba-4e22-4bb1-8fab-d875909e2671"}
{"timestamp":1765006790627,"level":"INFO","message":"baseline-test-1b6bcecf-05a3-4037-ae35-44754aa98db9"}
{"timestamp":1765006790502,"level":"INFO","message":"baseline-test-f2410c42-a202-47d6-aed3-65a29880b9af"}
{"timestamp":1765006790502,"level":"INFO","message":"baseline-test-0285e337-b624-45e8-abe4-dcc796a42637"}
{"timestamp":1765006790632,"level":"INFO","message":"baseline-test-68bb0df1-49ed-4f85-9500-dfeb269574d3"}
{"timestamp":1765006790633,"level":"INFO","message":"baseline-test-d91a77ca-59cc-419a-ab0c-f554d1d48b7e"}
{"timestamp":1765006790635,"level":"INFO","message":"baseline-test-6e36d569-63c4-4d7c-bcc9-49276f737f67"}
{"timestamp":1765006790639,"level":"INFO","message":"baseline-test-b7b553a2-5537-452a-bd51-a45cdfb631d6"}
{"timestamp":1765006790642,"level":"INFO","message":"baseline-test-b8c266cc-9a7b-46e1-9bd2-c2fb0f8a9c85"}
{"timestamp":1765006790639,"level":"INFO","message":"baseline-test-d3ac99ca-f93a-4e92-a1e8-521e675a0960"}
{"timestamp":1765006790632,"level":"INFO","message":"baseline-test-bbcfff70-8a0a-4abe-b363-a55dd36e9262"}
{"timestamp":1765006790630,"level":"INFO","message":"baseline-test-6341c0b3-3c76-4cf9-a12c-b4e2aacb7f01"}
{"timestamp":1765006790645,"level":"INFO","message":"baseline-test-91bc649f-3746-44ee-a91b-bd4a058e7ce1"}
{"timestamp":1765006790647,"level":"INFO","message":"baseline-test-6f3ef911-af7e-4a79-b16e-d827d0769e14"}
{"timestamp":1765006790652,"level":"INFO","message":"baseline-test-b29e738f-1d11-485d-a714-f49c063e435e"}
{"timestamp":1765006790656,"level":"INFO","message":"baseline-test-2eb34f3c-7244-482a-b821-6c94d5c41eff"}
{"timestamp":1765006790654,"level":"INFO","message":"baseline-test-58c402e2-0d67-4590-b8d0-b198e2cd6280"}
{"timestamp":1765006790660,"level":"INFO","message":"baseline-test-b650e268-6a23-4cde-8752-dcccebc58ed2"}
{"timestamp":1765006790662,"level":"INFO","message":"baseline-test-06bdc051-b4cc-42d0-a33a-eef2108d9a56"}
{"timestamp":1765006790663,"level":"INFO","message":"baseline-test-b3e92d8e-1240-4f4a-a17a-34e7b853bbf4"}
{"timestamp":1765006790665,"level":"INFO","message":"baseline-test-826cf66d-6d8e-4098-832a-c2499ebd8879"}
{"timestamp":1765006790667,"level":"INFO","message":"baseline-test-152478dd-1814-4d14-b712-aeb573e2ea53"}
{"timestamp":1765006790670,"level":"INFO","message":"baseline-test-ffe7049c-749b-4893-bf59-43f2147a4004"}
{"timestamp":1765006790672,"level":"INFO","message":"baseline-test-2cacfc6d-619c-4b36-925b-769579715800"}
{"timestamp":1765006790654,"level":"INFO","message":"baseline-test-d4947da6-a2c2-47ee-b970-f6e4a8483e62"}
{"timestamp":1765006790651,"level":"INFO","message":"baseline-test-7a2a85a7-ad9b-4239-9239-e473795cae85"}
{"timestamp":1765006790678,"level":"INFO","message":"baseline-test-97412dcd-52de-4051-ad50-9239cf4f9348"}
{"timestamp":1765006790677,"level":"INFO","message":"baseline-test-f490717e-77cb-4318-bcad-e756000b21bb"}
{"timestamp":1765006790682,"level":"INFO","message":"baseline-test-5b4404c9-8e3d-45c2-b2b2-9312f0b9682e"}
{"timestamp":1765006790684,"level":"INFO","message":"baseline-test-7383d0f1-8bbc-4e12-9fc8-1df2063c5f68"}
{"timestamp":1765006790687,"level":"INFO","message":"baseline-test-265daca4-f068-4848-b9bf-fe7a5ab3fe9d"}
{"timestamp":1765006790688,"level":"INFO","message":"baseline-test-b88649a8-3880-4211-a00f-690b75ad8162"}
{"timestamp":1765006790662,"level":"INFO","message":"baseline-test-89fc0d00-50ef-4851-849a-cc6420e50bb4"}
{"timestamp":1765006790672,"level":"INFO","message":"baseline-test-9e7bfe97-58d9-4c6a-b776-9d52972b4f67"}
{"timestamp":1765006790692,"level":"INFO","message":"baseline-test-03a19daf-a7ab-4fc5-835a-8ef28826976d"}
{"timestamp":1765006790694,"level":"INFO","message":"baseline-test-26382a68-4bae-4caa-b02a-12ac108bda18"}
{"timestamp":1765006790697,"level":"INFO","message":"baseline-test-a07a7fc2-5084-42cc-aae4-e64e342af158"}
{"timestamp":1765006790697,"level":"INFO","message":"baseline-test-5141ca0c-9d8f-4d63-9ee8-5b1c2eeb1693"}
{"timestamp":1765006790700,"level":"INFO","message":"baseline-test-11b0f0fd-5727-467c-973c-b0a84626e5d3"}
{"timestamp":1765006790703,"level":"INFO","message":"baseline-test-596b7a5f-0ddd-473d-96c1-7046db895d3d"}
{"timestamp":1765006790682,"level":"INFO","message":"baseline-test-8adc194e-e590-4d83-85f7-b0bd1e5429bb"}
{"timestamp":1765006790680,"level":"INFO","message":"baseline-test-cdeb6bf3-d12c-4305-86a7-367413d5eaf5"}
{"timestamp":1765006790706,"level":"INFO","message":"baseline-test-71d77258-032e-48ec-9341-45127f8d534e"}
{"timestamp":1765006790708,"level":"INFO","message":"baseline-test-efbce719-6280-4832-b06c-ab2291523ac2"}
{"timestamp":1765006790712,"level":"INFO","message":"baseline-test-0f98f014-07e8-422d-9ddb-258f5fa80843"}
{"timestamp":1765006790712,"level":"INFO","message":"baseline-test-3d329ce6-f39c-49b7-afc2-556f4ac46d7f"}
{"timestamp":1765006790716,"level":"INFO","message":"baseline-test-8dca82ec-f8a4-47cb-89b3-5814aa630eeb"}
{"timestamp":1765006790703,"level":"INFO","message":"baseline-test-ebe62336-5be3-44cf-b06d-d6ea1e2f0d9e"}
{"timestamp":1765006790721,"level":"INFO","message":"baseline-test-376c87b3-f115-4317-8b3c-7d6b50341375"}
{"timestamp":1765006790720,"level":"INFO","message":"baseline-test-1a6eb9a9-56df-4144-accf-70ad1f7355bf"}
{"timestamp":1765006790720,"level":"INFO","message":"baseline-test-d3dc02d7-3f03-4a4d-b291-12dfeccd38bf"}
{"timestamp":1765006790724,"level":"INFO","message":"baseline-test-fce2cf75-dbb6-42d7-a365-76b55b9979ec"}
{"timestamp":1765006790727,"level":"INFO","message":"baseline-test-8cb86548-5d84-437e-a9e2-91dddf2f2498"}
{"timestamp":1765006790732,"level":"INFO","message":"baseline-test-931af20c-da2b-4e00-b693-bf60411a805e"}
{"timestamp":1765006790728,"level":"INFO","message":"baseline-test-7064a56d-a891-4eeb-992b-3641f90f323b"}
{"timestamp":1765006790732,"level":"INFO","message":"baseline-test-b8824f62-9ae6-4d44-8408-27107fe0b7e6"}
{"timestamp":1765006790709,"level":"INFO","message":"baseline-test-c9165d7b-b663-40f6-9d85-ab65a78d707b"}
{"timestamp":1765006790736,"level":"INFO","message":"baseline-test-6eb17131-8e34-4c5c-bb82-3f23801a17d5"}
{"timestamp":1765006790740,"level":"INFO","message":"baseline-test-931ba180-2778-4c5d-ab05-50c97f723448"}
{"timestamp":1765006790740,"level":"INFO","message":"baseline-test-46680dca-0afd-4c1e-8327-2661bf7bcd25"}
{"timestamp":1765006790742,"level":"INFO","message":"baseline-test-c943d3f8-646f-45c1-a5dd-8543359ac72a"}
{"timestamp":1765006790743,"level":"INFO","message":"baseline-test-0cf86673-b9fd-4bc0-b831-6b91d1c74acc"}
{"timestamp":1765006790750,"level":"INFO","message":"baseline-test-e913b7b3-365b-493b-bd5e-35ed37679128"}
{"timestamp":1765006790729,"level":"INFO","message":"baseline-test-9e06f794-00d3-4739-9a67-5cd06ff4b3ca"}
{"timestamp":1765006790734,"level":"INFO","message":"baseline-test-38820398-c55c-4115-80fc-37c27a260155"}
{"timestamp":1765006790754,"level":"INFO","message":"baseline-test-bee76872-c434-43d8-bd95-8fb00dc7e2b7"}
{"timestamp":1765006790758,"level":"INFO","message":"baseline-test-792b695a-0bdc-44f4-acfe-ba9693291f98"}
{"timestamp":1765006790761,"level":"INFO","message":"baseline-test-98cb3168-3c2f-47c9-8861-8ab722bde9bc"}
{"timestamp":1765006790745,"level":"INFO","message":"baseline-test-85ac742e-74c1-45b1-b206-932e3fdd0ac2"}
{"timestamp":1765006790745,"level":"INFO","message":"baseline-test-201a1415-bbfa-4aa8-9051-fc04c0518364"}
{"timestamp":1765006790756,"level":"INFO","message":"baseline-test-e516e277-16e0-45c5-9f07-b039a0ccec0f"}
{"timestamp":1765006790773,"level":"INFO","message":"baseline-test-8b5b11c9-ca00-45d3-952f-8adc1a504c97"}
{"timestamp":1765006790777,"level":"INFO","message":"baseline-test-91314ddf-614e-4a15-bfb6-aa3fdb629664"}
{"timestamp":1765006790781,"level":"INFO","message":"baseline-test-98060aea-56ba-490d-9ae2-0126d9daaf99"}
{"timestamp":1765006790759,"level":"INFO","message":"baseline-test-7c863276-dd92-4a08-af69-4348fe8b3a77"}
{"timestamp":1765006790774,"level":"INFO","message":"baseline-test-0cdbb1b7-cef6-4a4d-a128-a5ec98add41b"}
{"timestamp":1765006790789,"level":"INFO","message":"baseline-test-cdba1cf3-5e1d-4315-9807-db54224d0762"}
{"timestamp":1765006790783,"level":"INFO","message":"baseline-test-a87d8b81-0aae-4dcd-89f4-35be7e3c337f"}
{"timestamp":1765006790776,"level":"INFO","message":"baseline-test-97d047f9-8f38-4588-92d5-ddea7e3b642f"}
{"timestamp":1765006790775,"level":"INFO","message":"baseline-test-8751c850-080b-4627-9a23-5ab8feaa85ca"}
{"timestamp":1765006790784,"level":"INFO","message":"baseline-test-afbda910-fc7f-4fb9-a681-ad47ebb983e6"}
{"timestamp":1765006790806,"level":"INFO","message":"baseline-test-66e9dc4f-2d51-49e0-b307-5f2bf25e93e8"}
{"timestamp":1765006790809,"level":"INFO","message":"baseline-test-01337a50-9717-42bc-bc4f-d0e69ede00f5"}
{"timestamp":1765006790811,"level":"INFO","message":"baseline-test-f0570238-584a-4657-b7a0-3f515ddf3a08"}
{"timestamp":1765006790790,"level":"INFO","message":"baseline-test-6e8ac5b4-f46d-4078-958e-43ba4732cebc"}
{"timestamp":1765006790821,"level":"INFO","message":"baseline-test-9cea26bd-c8d6-4500-b2b5-09d80bc660ce"}
{"timestamp":1765006790807,"level":"INFO","message":"baseline-test-b5c637c1-f326-4293-b0d3-447c912744b8"}
{"timestamp":1765006790815,"level":"INFO","message":"baseline-test-0ee9cc68-677b-48fb-a123-544ef355eaac"}
{"timestamp":1765006790814,"level":"INFO","message":"baseline-test-3d77c4bd-7937-406a-94e2-6f6ee92fc589"}
{"timestamp":1765006790822,"level":"INFO","message":"baseline-test-8c9560a2-5939-4830-a404-68baa20ac04f"}
{"timestamp":1765006790810,"level":"INFO","message":"baseline-test-cc13e03e-7117-42dc-b546-428d475f331d"}
{"timestamp":1765006790805,"level":"INFO","message":"baseline-test-fd98bf90-a1f0-45fc-bfe4-aae9e2f6e3ea"}
{"timestamp":1765006790839,"level":"INFO","message":"baseline-test-4b487665-c3c4-47bc-9757-40c7cdc91e07"}
{"timestamp":1765006790837,"level":"INFO","message":"baseline-test-de490859-6cec-4e47-937b-b5d4f7194643"}
{"timestamp":1765006790838,"level":"INFO","message":"baseline-test-8116a7e0-6b59-43f9-af4b-4a79acdc3556"}
{"timestamp":1765006790839,"level":"INFO","message":"baseline-test-de71054f-dce7-4af4-a0b1-a5e8e5b131e6"}
{"timestamp":1765006790844,"level":"INFO","message":"baseline-test-8307f03e-32fa-45a1-a961-76cfa30e55e8"}
{"timestamp":1765006790842,"level":"INFO","message":"baseline-test-d6d52bc0-9633-404d-801b-90c1f237d877"}
{"timestamp":1765006790848,"level":"INFO","message":"baseline-test-7aa9940e-9ff0-48d8-8fcc-0d57b320965b"}
{"timestamp":1765006790844,"level":"INFO","message":"baseline-test-2cce08a9-a78a-4154-9cef-9626ff6741b4"}
{"timestamp":1765006790852,"level":"INFO","message":"baseline-test-ad6ee7ed-a2f4-434f-9a06-538bf3900d3a"}
{"timestamp":1765006790854,"level":"INFO","message":"baseline-test-9c7c8df5-1df0-42f6-a847-8e824f2efaed"}
{"timestamp":1765006790856,"level":"INFO","message":"baseline-test-6e443f9f-6860-49b9-b02e-b7d3b3cb7836"}
{"timestamp":1765006790862,"level":"INFO","message":"baseline-test-edc57ab5-ed51-4c49-8253-3b137b42efcc"}
{"timestamp":1765006790861,"level":"INFO","message":"baseline-test-1459e766-60c9-4d01-8f65-2be779eec99d"}
{"timestamp":1765006790864,"level":"INFO","message":"baseline-test-b92f8951-5890-4ebd-9191-a38c4bcd8dc3"}
{"timestamp":1765006790867,"level":"INFO","message":"baseline-test-38a0032e-a3fb-4d50-9b81-f2aed0d57963"}
{"timestamp":1765006790870,"level":"INFO","message":"baseline-test-265b7630-3a01-45a5-a721-7c7d6cac8941"}
{"timestamp":1765006790867,"level":"INFO","message":"baseline-test-c795112b-7b0c-46b9-8f70-4e016cf06ecc"}
{"timestamp":1765006790877,"level":"INFO","message":"baseline-test-c88ca576-050c-4778-8ae9-800c81feb0da"}
{"timestamp":1765006790875,"level":"INFO","message":"baseline-test-5508388e-ed3c-4718-99e8-e5af78658ed2"}
{"timestamp":1765006790880,"level":"INFO","message":"baseline-test-c175a650-8a29-4b89-9344-e2b74a1f094e"}
{"timestamp":1765006790855,"level":"INFO","message":"baseline-test-a01d240c-33a2-4fb4-8024-4d15600accc0"}
{"timestamp":1765006790849,"level":"INFO","message":"baseline-test-7067da2a-0b95-42bf-b4b9-638abf8a2515"}
{"timestamp":1765006790882,"level":"INFO","message":"baseline-test-396b42b7-b8b0-45a2-9fdf-4ef94a4b1123"}
{"timestamp":1765006790885,"level":"INFO","message":"baseline-test-28254f42-2466-4752-9309-3fbe413795f1"}
{"timestamp":1765006790875,"level":"INFO","message":"baseline-test-1a8e1d8a-63ed-407c-97fb-26353762a4c3"}
{"timestamp":1765006790870,"level":"INFO","message":"baseline-test-cada4f14-ef15-44cd-a0dc-a49375e19b66"}
{"timestamp":1765006790900,"level":"INFO","message":"baseline-test-d3ba0362-034d-4781-a408-505e216b9930"}
{"timestamp":1765006790885,"level":"INFO","message":"baseline-test-a9bd84f0-82b0-45a7-b190-5ed8d519abaa"}
{"timestamp":1765006790885,"level":"INFO","message":"baseline-test-3cd97257-be87-40f8-98a6-44718e88fd2a"}
{"timestamp":1765006790915,"level":"INFO","message":"baseline-test-7d636dcf-d260-48dc-b590-e1ca8c77db54"}
{"timestamp":1765006790918,"level":"INFO","message":"baseline-test-f778b83e-381f-4d10-943e-102153023b7c"}
{"timestamp":1765006790899,"level":"INFO","message":"baseline-test-db9007b8-31d2-4f66-8b8e-134f62c0b5fc"}
{"timestamp":1765006790930,"level":"INFO","message":"baseline-test-0aff4cd6-b7f7-4226-a705-77f5c054ca69"}
{"timestamp":1765006790933,"level":"INFO","message":"baseline-test-56dda8c2-e7a3-4e86-898a-c219c2ed5118"}
{"timestamp":1765006790936,"level":"INFO","message":"baseline-test-56fe1ad5-272d-4585-bd5b-b48eb8281339"}
{"timestamp":1765006790938,"level":"INFO","message":"baseline-test-b2a87e63-4867-4ce8-b1a9-faae63f483b1"}
{"timestamp":1765006790916,"level":"INFO","message":"baseline-test-5c3e43d3-37b1-4251-bbb5-f68aeee34290"}
{"timestamp":1765006790918,"level":"INFO","message":"baseline-test-2b04e17a-cb21-467a-bbc4-143f08f300ef"}
{"timestamp":1765006790916,"level":"INFO","message":"baseline-test-5addee60-9e93-4074-a6b6-1c3c6bf351f7"}
{"timestamp":1765006790923,"level":"INFO","message":"baseline-test-db45b672-e6ea-4b3e-bb02-1e60b1304034"}
{"timestamp":1765006790949,"level":"INFO","message":"baseline-test-6320f18c-9f46-4a54-9922-e19d5887b20f"}
{"timestamp":1765006790942,"level":"INFO","message":"baseline-test-ac681427-918f-4241-be5a-8e0087278327"}
{"timestamp":1765006790962,"level":"INFO","message":"baseline-test-ad0e9c26-bfa3-405b-9f17-86b54e7e89cf"}
{"timestamp":1765006790949,"level":"INFO","message":"baseline-test-7b976ae2-54c4-4768-9898-0df0e5537cf7"}
{"timestamp":1765006790947,"level":"INFO","message":"baseline-test-3350ab01-10e0-4397-8439-efeec3c6ddf8"}
{"timestamp":1765006790947,"level":"INFO","message":"baseline-test-849b4919-c9cf-4fd2-93df-ba9a40cdb5a7"}
{"timestamp":1765006790962,"level":"INFO","message":"baseline-test-4e1fe5f3-ccc7-4730-8834-6d4ff5f5c5da"}
{"timestamp":1765006790978,"level":"INFO","message":"baseline-test-5cb7cfa9-fa75-4e54-bf25-33e3a315cc3f"}
{"timestamp":1765006790978,"level":"INFO","message":"baseline-test-5e8a5e12-624f-433a-989a-1c5a8fa365eb"}
{"timestamp":1765006790980,"level":"INFO","message":"baseline-test-22eab53d-70a1-4bc9-80c7-514ed5847aa5"}
{"timestamp":1765006790985,"level":"INFO","message":"baseline-test-290389cb-b8d4-4fc0-a9ff-a2dd10ba0c4a"}
{"timestamp":1765006790967,"level":"INFO","message":"baseline-test-15044303-5719-404d-94b8-75a9160e91e3"}
{"timestamp":1765006790987,"level":"INFO","message":"baseline-test-a5eebc7d-cbbc-4a80-919d-e3741bf033de"}
{"timestamp":1765006790990,"level":"INFO","message":"baseline-test-535846c1-d429-4b01-ab7b-76b59a1372a8"}
{"timestamp":1765006790994,"level":"INFO","message":"baseline-test-d727e001-0f59-41f9-b240-ff1ac7b1fd4a"}
{"timestamp":1765006790997,"level":"INFO","message":"baseline-test-1d0c4d75-f4f2-436b-8544-ee2769e2e3c2"}
{"timestamp":1765006791000,"level":"INFO","message":"baseline-test-e2f6025c-0b05-4b25-bb3e-e81f6f11fd22"}
{"timestamp":1765006790980,"level":"INFO","message":"baseline-test-3425fe08-239b-48b7-b639-e33fbfdd77ef"}
{"timestamp":1765006790990,"level":"INFO","message":"baseline-test-abb0b040-1985-4122-965c-10cf74b44c2a"}
{"timestamp":1765006791005,"level":"INFO","message":"baseline-test-59c8db81-c0f1-4551-b568-bbcf6b46f125"}
{"timestamp":1765006791010,"level":"INFO","message":"baseline-test-c5cbd6e2-160c-4ee4-8ecb-2fa3ad5802bc"}
{"timestamp":1765006791011,"level":"INFO","message":"baseline-test-b8212f37-fd79-4e24-ac06-3b68be8fa1fc"}
{"timestamp":1765006791010,"level":"INFO","message":"baseline-test-27c9273e-b52a-48db-9bf5-62b55a166428"}
{"timestamp":1765006791013,"level":"INFO","message":"baseline-test-bb71b8a0-3b16-4991-a9cd-b911e9c89852"}
{"timestamp":1765006791017,"level":"INFO","message":"baseline-test-2238f5aa-3393-4206-ab27-7c9ae3755aa8"}
{"timestamp":1765006790999,"level":"INFO","message":"baseline-test-3489c1f4-3d7f-41a4-b1d4-9258fef198bc"}
{"timestamp":1765006791021,"level":"INFO","message":"baseline-test-1b310050-3bcd-4bb2-bf3c-8dc6682b8989"}
{"timestamp":1765006791026,"level":"INFO","message":"baseline-test-0b5c6a08-532c-443d-aebe-73af0c851cae"}
{"timestamp":1765006791025,"level":"INFO","message":"baseline-test-06310436-0a54-410f-98d3-99b63ac983e4"}
{"timestamp":1765006791012,"level":"INFO","message":"baseline-test-384b65d2-52fe-4d04-9072-9cec97fdb43a"}
{"timestamp":1765006791032,"level":"INFO","message":"baseline-test-e4cf16bf-3731-4e1e-921e-a69e351f9f08"}
{"timestamp":1765006791026,"level":"INFO","message":"baseline-test-89844bc9-905e-4700-abdb-96bc13666254"}
{"timestamp":1765006791030,"level":"INFO","message":"baseline-test-bca1b9ad-ba84-4dab-92a7-44db9e95ec9b"}
{"timestamp":1765006791040,"level":"INFO","message":"baseline-test-c395758a-232e-4b9d-8e6c-485859c87da1"}
{"timestamp":1765006791040,"level":"INFO","message":"baseline-test-d65f9cec-471b-41cc-93d7-ae0c5f828bef"}
{"timestamp":1765006791032,"level":"INFO","message":"baseline-test-c52e202b-4354-4624-9f88-04a9965dba97"}
{"timestamp":1765006791056,"level":"INFO","message":"baseline-test-83d7cd7c-2ef0-439c-85ce-33af5f54364b"}
{"timestamp":1765006791058,"level":"INFO","message":"baseline-test-da89c7f3-9e5b-4cd5-b647-1241c7a3aa43"}
{"timestamp":1765006791055,"level":"INFO","message":"baseline-test-620647ed-4d55-4f3b-96fe-85ea484741ce"}
{"timestamp":1765006791041,"level":"INFO","message":"baseline-test-e07a7309-4ee4-455a-b4ef-e90eecca2ca6"}
{"timestamp":1765006791062,"level":"INFO","message":"baseline-test-7fd2d404-0232-4978-a95d-908f49c3aeaa"}
{"timestamp":1765006791071,"level":"INFO","message":"baseline-test-a31feb83-6065-4c9d-a4cb-78e33cf23020"}
{"timestamp":1765006791074,"level":"INFO","message":"baseline-test-7dd14b52-b762-4ee4-8cb7-1856d18df980"}
{"timestamp":1765006791076,"level":"INFO","message":"baseline-test-dd415c22-7148-47e3-8a3b-1719bfd2bd72"}
{"timestamp":1765006791065,"level":"INFO","message":"baseline-test-7b8eccef-a7ff-47bf-931e-474182db43e1"}
{"timestamp":1765006791065,"level":"INFO","message":"baseline-test-5912ea3d-6ead-4f9f-a844-d30966dc6737"}
{"timestamp":1765006791060,"level":"INFO","message":"baseline-test-3ae32779-dcd8-478e-9356-8b649f7e3584"}
{"timestamp":1765006791057,"level":"INFO","message":"baseline-test-444d0b34-3d11-44f4-b217-b744ba8a856a"}
{"timestamp":1765006791060,"level":"INFO","message":"baseline-test-0d5d9139-5392-4040-9baa-3babaaad1f92"}
{"timestamp":1765006791089,"level":"INFO","message":"baseline-test-c26c3977-9f92-42a6-ba5c-a3a8336a1ade"}
{"timestamp":1765006791088,"level":"INFO","message":"baseline-test-815c5c21-b5e9-45b0-9f1f-eb05039b1ef2"}
{"timestamp":1765006791092,"level":"INFO","message":"baseline-test-9952e659-e859-4036-a3ae-18ec69e1b7a8"}
{"timestamp":1765006791093,"level":"INFO","message":"baseline-test-62aded74-e036-4594-8c93-716666068132"}
{"timestamp":1765006791079,"level":"INFO","message":"baseline-test-e3443907-e6c6-4a89-bca4-7571f1eb016d"}
{"timestamp":1765006791075,"level":"INFO","message":"baseline-test-f6512e78-4823-4510-8fd1-94a2198e6a87"}
{"timestamp":1765006791097,"level":"INFO","message":"baseline-test-39468e6d-b615-4697-8df4-820945a1bf6b"}
{"timestamp":1765006791098,"level":"INFO","message":"baseline-test-3e141803-6a4a-48af-a622-d789fbd4a4f5"}
{"timestamp":1765006791080,"level":"INFO","message":"baseline-test-15b05830-a185-426c-bb91-eb5073048f71"}
{"timestamp":1765006791100,"level":"INFO","message":"baseline-test-ad3d8b2e-9cac-41c5-bc2f-488b0e68efd3"}
{"timestamp":1765006791101,"level":"INFO","message":"baseline-test-016f5222-2aeb-4a40-a690-aa822a1e41b4"}
{"timestamp":1765006791104,"level":"INFO","message":"baseline-test-ab415337-6179-49c7-8df8-04c5db1d47eb"}
{"timestamp":1765006791107,"level":"INFO","message":"baseline-test-dd348520-65b3-4ac3-9816-0457997002ed"}
{"timestamp":1765006791106,"level":"INFO","message":"baseline-test-ab3417af-f25a-4071-bea4-601786960100"}
{"timestamp":1765006791108,"level":"INFO","message":"baseline-test-c921a0e9-4fcf-4121-8780-075e0b8b15d8"}
{"timestamp":1765006791103,"level":"INFO","message":"baseline-test-d4abeeea-5f5f-4cb0-a138-c35bccf8e1d7"}
{"timestamp":1765006791106,"level":"INFO","message":"baseline-test-4daa2bf0-2c8e-4197-bc77-30fe9ff8f53d"}
{"timestamp":1765006791114,"level":"INFO","message":"baseline-test-af5bb8c8-ee79-41bb-98e0-a28e737cfd3e"}
{"timestamp":1765006791116,"level":"INFO","message":"baseline-test-74c81f24-4096-471a-91ab-d1176d576d22"}
{"timestamp":1765006791112,"level":"INFO","message":"baseline-test-02a692db-ba0c-4c72-92c8-668acbb5978e"}
{"timestamp":1765006791120,"level":"INFO","message":"baseline-test-c979166f-c814-4f98-8346-b78d0d4dca18"}
{"timestamp":1765006791124,"level":"INFO","message":"baseline-test-e54f8068-c69a-4831-b444-15b73b2aa8c4"}
{"timestamp":1765006791127,"level":"INFO","message":"baseline-test-9daa535c-a30c-4239-9875-7b0db07cf2c6"}
{"timestamp":1765006791132,"level":"INFO","message":"baseline-test-937c36ad-f198-40ac-827b-3cd865c103a6"}
{"timestamp":1765006791131,"level":"INFO","message":"baseline-test-3b5cab87-2f91-4a54-93fd-510ba5e43b26"}
{"timestamp":1765006791126,"level":"INFO","message":"baseline-test-8797a1a1-699e-4360-902b-ed9aac493537"}
{"timestamp":1765006791134,"level":"INFO","message":"baseline-test-45a30999-fa38-4e51-a9ef-9be56bc232de"}
{"timestamp":1765006791134,"level":"INFO","message":"baseline-test-63ce01bc-e1e1-40ac-89f1-206d75d3b92c"}
{"timestamp":1765006791136,"level":"INFO","message":"baseline-test-ddde8572-0a8e-4827-82a7-57d820686df7"}
{"timestamp":1765006791142,"level":"INFO","message":"baseline-test-b3ee89d7-1601-4e31-8a89-939974905a5f"}
{"timestamp":1765006791139,"level":"INFO","message":"baseline-test-a649dc94-340b-446f-ac9d-bcf69e8919df"}
{"timestamp":1765006791122,"level":"INFO","message":"baseline-test-059b35f2-f000-4439-95b7-9592266685c0"}
{"timestamp":1765006791138,"level":"INFO","message":"baseline-test-13abcc7d-6738-4fd9-8316-453cda88fdd8"}
{"timestamp":1765006791142,"level":"INFO","message":"baseline-test-14a48c0e-4568-4e6a-aa28-97164b6317e9"}
{"timestamp":1765006791146,"level":"INFO","message":"baseline-test-0a84e1a7-d79a-41cb-a704-2239f9669d52"}
{"timestamp":1765006791144,"level":"INFO","message":"baseline-test-07958acb-dc5d-4453-968a-82c19dd3ac49"}
{"timestamp":1765006791149,"level":"INFO","message":"baseline-test-706903b0-fd77-467a-b704-0a1c07c2c2c7"}
{"timestamp":1765006791149,"level":"INFO","message":"baseline-test-1bc7f057-775c-4406-b53e-29355222b7fe"}
{"timestamp":1765006791152,"level":"INFO","message":"baseline-test-aa185c08-6b88-4584-9790-8c9a2d0699e9"}
{"timestamp":1765006791148,"level":"INFO","message":"baseline-test-4dd70852-7c66-4a8d-a5a3-3349a34cfe9c"}
{"timestamp":1765006791160,"level":"INFO","message":"baseline-test-6a7924d0-596a-4958-bc0a-86d6bce57db9"}
{"timestamp":1765006791153,"level":"INFO","message":"baseline-test-595a2b0d-fabf-4ea7-a0bd-c0b6861465df"}
{"timestamp":1765006791163,"level":"INFO","message":"baseline-test-001e9877-a644-4cfd-b1db-e2a9d99d3fc5"}
{"timestamp":1765006791163,"level":"INFO","message":"baseline-test-ced7fe69-0d38-4d36-a6e5-f436d0859ec9"}
{"timestamp":1765006791168,"level":"INFO","message":"baseline-test-9bb0958d-65ce-4ce8-bff9-bee3f8387de0"}
{"timestamp":1765006791167,"level":"INFO","message":"baseline-test-c98918bd-5bb4-4bcc-ac9a-62318446f967"}
{"timestamp":1765006791168,"level":"INFO","message":"baseline-test-aefd35e3-6482-4e04-b785-3e2de49c29f6"}
{"timestamp":1765006791177,"level":"INFO","message":"baseline-test-2786d17b-4c9b-4570-844c-e3a24b3b6688"}
{"timestamp":1765006791179,"level":"INFO","message":"baseline-test-6feb9af7-9a05-4beb-959e-99035c638918"}
{"timestamp":1765006791180,"level":"INFO","message":"baseline-test-abf732d9-721b-435f-b7c1-a857581b1603"}
{"timestamp":1765006791182,"level":"INFO","message":"baseline-test-3d7b3b67-efe0-4f34-ac71-25d5aec8fea9"}
{"timestamp":1765006791184,"level":"INFO","message":"baseline-test-6557ea42-4307-48f7-8b5b-73df52c86eaa"}
{"timestamp":1765006791170,"level":"INFO","message":"baseline-test-19da0a0b-c2bf-469d-85d5-fec0b206d9f0"}
{"timestamp":1765006791187,"level":"INFO","message":"baseline-test-33262318-0f92-41e6-97d1-f8828f90b3fa"}
{"timestamp":1765006791187,"level":"INFO","message":"baseline-test-a2b4d7a8-34a5-42d2-8823-238edaa3eb0d"}
{"timestamp":1765006791189,"level":"INFO","message":"baseline-test-a4819a32-3ad0-4caa-ae7f-90604d028824"}
{"timestamp":1765006791190,"level":"INFO","message":"baseline-test-c55b4ebe-193f-4be6-9793-de25a59caec7"}
{"timestamp":1765006791193,"level":"INFO","message":"baseline-test-418781c7-6cd7-4f5b-b242-17e105ea409b"}
{"timestamp":1765006791194,"level":"INFO","message":"baseline-test-a974a7a3-cdc9-4202-b538-30e1fe1a970f"}
{"timestamp":1765006791179,"level":"INFO","message":"baseline-test-33c66388-405a-4098-9ea2-ae6c344e0d79"}
{"timestamp":1765006791200,"level":"INFO","message":"baseline-test-fc182525-504b-44d9-b5f7-9f369cba15ac"}
{"timestamp":1765006791201,"level":"INFO","message":"baseline-test-3e3dc8cd-e603-4d43-8e59-f5bc51020646"}
{"timestamp":1765006791208,"level":"INFO","message":"baseline-test-deb61c53-ea82-49c0-a09a-a49738770ca9"}
{"timestamp":1765006791215,"level":"INFO","message":"baseline-test-43abb2e8-9c05-4154-ac41-b3399e2fe07b"}
{"timestamp":1765006791216,"level":"INFO","message":"baseline-test-af96adda-36ad-4711-a705-0ff2cefbb5f6"}
{"timestamp":1765006791218,"level":"INFO","message":"baseline-test-54ec4401-d55b-4355-ab96-dc951ff7fcef"}
{"timestamp":1765006791197,"level":"INFO","message":"baseline-test-8e82bcc0-31ee-4a03-953f-6ae6475bb2ad"}
{"timestamp":1765006791218,"level":"INFO","message":"baseline-test-0c5ac70e-9071-491e-a1de-7c92d877d478"}
{"timestamp":1765006791220,"level":"INFO","message":"baseline-test-0e5b8627-504a-4865-974c-3a763e0055ee"}
{"timestamp":1765006791222,"level":"INFO","message":"baseline-test-edd3a6ad-606c-4205-8200-616979c61bdc"}
{"timestamp":1765006791225,"level":"INFO","message":"baseline-test-6ca5aa47-2daa-4f57-a0bd-ed663a1f6f9a"}
{"timestamp":1765006791230,"level":"INFO","message":"baseline-test-13127b43-1ae1-4cdd-87f5-3ed19526d8f6"}
{"timestamp":1765006791236,"level":"INFO","message":"baseline-test-9d82bd89-8e3d-44c6-9133-467c7af34c24"}
{"timestamp":1765006791210,"level":"INFO","message":"baseline-test-a8e94ace-84d7-4808-969e-46695753e6f1"}
{"timestamp":1765006791226,"level":"INFO","message":"baseline-test-e471f1f3-b4c6-48da-8c5f-2f880ab31a5f"}
{"timestamp":1765006791238,"level":"INFO","message":"baseline-test-3c703a7c-edd0-44a8-9372-f3bc73e37d6e"}
{"timestamp":1765006791240,"level":"INFO","message":"baseline-test-eb62ff1e-3060-4439-8e18-a5c746c2cce8"}
{"timestamp":1765006791243,"level":"INFO","message":"baseline-test-3cb05c69-e2bd-4e94-a652-45f1873b3818"}
{"timestamp":1765006791248,"level":"INFO","message":"baseline-test-09547ab4-0fb1-4e89-ac9f-a2a273ae5cd3"}
{"timestamp":1765006791232,"level":"INFO","message":"baseline-test-90ec5e91-79f4-4fff-96da-fd9db1015446"}
{"timestamp":1765006791256,"level":"INFO","message":"baseline-test-51b1885d-e4ba-4cdd-bfba-2b633c595633"}
{"timestamp":1765006791252,"level":"INFO","message":"baseline-test-cef26d43-ee08-434a-99b1-a931b8e57d40"}
{"timestamp":1765006791244,"level":"INFO","message":"baseline-test-d4078f87-3585-4a5e-80b0-c7bf00413676"}
{"timestamp":1765006791243,"level":"INFO","message":"baseline-test-a330bb2f-dea3-4345-8066-d2b62c0c1c46"}
{"timestamp":1765006791242,"level":"INFO","message":"baseline-test-4ed4b9c7-2104-4368-b347-fd95eaad72eb"}
{"timestamp":1765006791256,"level":"INFO","message":"baseline-test-ed81e037-3b86-4f6b-b883-7ed9a29ffdc5"}
{"timestamp":1765006791272,"level":"INFO","message":"baseline-test-6fc5d7f7-f92d-4fab-b7ed-cfd67a616c96"}
{"timestamp":1765006791274,"level":"INFO","message":"baseline-test-eae804a7-cc84-467b-a3cb-9f3c49d1c5c9"}
{"timestamp":1765006791262,"level":"INFO","message":"baseline-test-890d4093-9603-41da-94ff-8589f5023392"}
{"timestamp":1765006791287,"level":"INFO","message":"baseline-test-c55867de-f039-484f-aeef-8cb9dc27a745"}
{"timestamp":1765006791293,"level":"INFO","message":"baseline-test-e4d2158b-1562-4c76-82be-40b4ea2e9cff"}
{"timestamp":1765006791283,"level":"INFO","message":"baseline-test-9eb5e475-0aa9-4170-9a80-4d2301a9106e"}
{"timestamp":1765006791274,"level":"INFO","message":"baseline-test-41ad9b9a-d48a-4021-823d-f6dfed2f2b71"}
{"timestamp":1765006791273,"level":"INFO","message":"baseline-test-23f9ac13-e914-4939-bb4b-1bbabfe2a501"}
{"timestamp":1765006791273,"level":"INFO","message":"baseline-test-97e38b69-28dc-496c-ae54-51e078d740bb"}
{"timestamp":1765006791281,"level":"INFO","message":"baseline-test-74f7937e-eced-4a88-9023-ce93216aca3a"}
{"timestamp":1765006791298,"level":"INFO","message":"baseline-test-4a1249ac-879a-49f2-bfde-9b8c724dc331"}
{"timestamp":1765006791304,"level":"INFO","message":"baseline-test-81d567af-05cd-4777-967e-a6b4d2ca83ce"}
{"timestamp":1765006791303,"level":"INFO","message":"baseline-test-9510f2ef-069a-422f-a4d4-6d6518338c45"}
{"timestamp":1765006791308,"level":"INFO","message":"baseline-test-f5a21067-77dc-43d4-a98f-11ae4365fd0e"}
{"timestamp":1765006791306,"level":"INFO","message":"baseline-test-888ab115-d34f-4f68-afb4-ff9255837178"}
{"timestamp":1765006791311,"level":"INFO","message":"baseline-test-ca306cf7-6a5b-4830-8d30-7aba0a612c7a"}
{"timestamp":1765006791312,"level":"INFO","message":"baseline-test-d3f1c462-7cd9-4ca1-b7b3-4b8b2ab0784c"}
{"timestamp":1765006791316,"level":"INFO","message":"baseline-test-39982e73-97d0-45de-9d21-1b77c52644df"}
{"timestamp":1765006791321,"level":"INFO","message":"baseline-test-b7c35163-fe85-4ab4-a2ee-1a4720f46a0f"}
{"timestamp":1765006791319,"level":"INFO","message":"baseline-test-659a7c99-6583-40e7-b0c3-1f489c7f30bf"}
{"timestamp":1765006791321,"level":"INFO","message":"baseline-test-834cebc1-8d77-46b3-bc39-1c5539654a0c"}
{"timestamp":1765006791323,"level":"INFO","message":"baseline-test-42b07098-4f56-477d-a50b-12719460946c"}
{"timestamp":1765006791327,"level":"INFO","message":"baseline-test-94789e50-80c6-48b4-ba9d-e50be8f7d990"}
{"timestamp":1765006791331,"level":"INFO","message":"baseline-test-cc1b88b1-d930-41e0-be09-c06531f64712"}
{"timestamp":1765006791331,"level":"INFO","message":"baseline-test-80e3e0f5-2cfb-40e7-92ae-45e197001c2e"}
{"timestamp":1765006791337,"level":"INFO","message":"baseline-test-e9d3ffa2-7807-4f6a-8a71-456586e566ac"}
{"timestamp":1765006791326,"level":"INFO","message":"baseline-test-a2d97fd4-65f1-4697-8810-b35304dfb1f3"}
{"timestamp":1765006791341,"level":"INFO","message":"baseline-test-3b36b509-6420-4a70-80ef-67c78ac54b9f"}
{"timestamp":1765006791339,"level":"INFO","message":"baseline-test-288daa94-fad4-4b7a-ae26-048e3ed839e7"}
{"timestamp":1765006791346,"level":"INFO","message":"baseline-test-e2517ae4-cccf-4e63-b3ac-d3fa2bb4fd20"}
{"timestamp":1765006791346,"level":"INFO","message":"baseline-test-1156d882-038b-4e8a-b8d2-de41e199bf59"}
{"timestamp":1765006791349,"level":"INFO","message":"baseline-test-2430e955-9206-43c1-91ff-f5d64173a1bb"}
{"timestamp":1765006791348,"level":"INFO","message":"baseline-test-e6f680b3-c2fe-4a9c-b129-4914d52a8cc4"}
{"timestamp":1765006791353,"level":"INFO","message":"baseline-test-345b05dc-53d1-4b6f-8c5f-088b32dd6234"}
{"timestamp":1765006791358,"level":"INFO","message":"baseline-test-c729a276-03ca-467e-acca-966e271d3b66"}
{"timestamp":1765006791337,"level":"INFO","message":"baseline-test-00897dee-04fe-4084-b40f-d02eb048eb3e"}
{"timestamp":1765006791359,"level":"INFO","message":"baseline-test-b24dc62b-0c66-4a64-af9d-01ed728820b4"}
{"timestamp":1765006791363,"level":"INFO","message":"baseline-test-2ce2ff0a-d237-47f5-bb1d-85f036449ac4"}
{"timestamp":1765006791366,"level":"INFO","message":"baseline-test-8b3e87f5-77c7-4c43-aaee-600ee2563017"}
{"timestamp":1765006791368,"level":"INFO","message":"baseline-test-cbc94f0a-1836-4d25-a164-bd79b338ee11"}
{"timestamp":1765006791374,"level":"INFO","message":"baseline-test-6720f53d-0330-4a89-a21e-9f9d7f9e98a1"}
{"timestamp":1765006791373,"level":"INFO","message":"baseline-test-8612206b-baca-483e-bb01-6b09c6948d0a"}
{"timestamp":1765006791379,"level":"INFO","message":"baseline-test-72ec7fc6-dcdb-42a3-87a9-34ca0db2abf6"}
{"timestamp":1765006791380,"level":"INFO","message":"baseline-test-c46ef6ff-dfc1-4883-8db4-ab3a3ea82d09"}
{"timestamp":1765006791378,"level":"INFO","message":"baseline-test-fa7314d9-0f0b-437e-a625-d1eba29392d1"}
{"timestamp":1765006791384,"level":"INFO","message":"baseline-test-ebe9faa8-6d25-4c45-8ce3-48a854d151fc"}
{"timestamp":1765006791387,"level":"INFO","message":"baseline-test-846c1843-6345-4c7f-a09b-63429f83fd47"}
{"timestamp":1765006791387,"level":"INFO","message":"baseline-test-8eda4d16-fca1-43e1-b75e-6143bb550153"}
{"timestamp":1765006791392,"level":"INFO","message":"baseline-test-b874530f-0b71-4bb6-b78f-bcf81add2a1f"}
{"timestamp":1765006791392,"level":"INFO","message":"baseline-test-5876cc1d-7cc3-4e6a-b296-6656d3ed5011"}
{"timestamp":1765006791396,"level":"INFO","message":"baseline-test-1802606a-eab4-4d79-b70d-a18d53fc5f29"}
{"timestamp":1765006791396,"level":"INFO","message":"baseline-test-f664869d-aef9-4de3-bc34-e41824d9fae1"}
{"timestamp":1765006791400,"level":"INFO","message":"baseline-test-552a6036-c733-41cb-9907-7a18d28d3e06"}
{"timestamp":1765006791403,"level":"INFO","message":"baseline-test-1b1755c8-9566-4ced-9bd7-3ff6747216b1"}
{"timestamp":1765006791407,"level":"INFO","message":"baseline-test-84c423de-eb55-458c-953d-a36293e10dbb"}
{"timestamp":1765006791405,"level":"INFO","message":"baseline-test-1dcf1878-c516-45b5-8564-9766434829e5"}
{"timestamp":1765006791412,"level":"INFO","message":"baseline-test-f8710fc9-62c1-4346-ae40-820430753ccd"}
{"timestamp":1765006791416,"level":"INFO","message":"baseline-test-2bffc874-91db-49be-90da-9e0c3bd96e32"}
{"timestamp":1765006791416,"level":"INFO","message":"baseline-test-35c3948e-afb1-4a4f-8600-00e1305f3370"}
{"timestamp":1765006791420,"level":"INFO","message":"baseline-test-1ee8d0fc-7da2-47d8-9bb2-ac1918ae3d48"}
{"timestamp":1765006791429,"level":"INFO","message":"baseline-test-337f3eaa-bdb5-40bd-ba11-e6a1016a827e"}
{"timestamp":1765006791429,"level":"INFO","message":"baseline-test-ae6fdc0e-00fd-458f-977e-109f8415a8e4"}
{"timestamp":1765006791418,"level":"INFO","message":"baseline-test-d2a4ce6d-9259-488e-b6f7-c8b7a22f37cb"}
{"timestamp":1765006791432,"level":"INFO","message":"baseline-test-9a38d27d-d91f-49b2-b1d1-3992b8e9f170"}
{"timestamp":1765006791433,"level":"INFO","message":"baseline-test-92ecc635-ecec-49f1-9ecb-18d1b079cfd7"}
{"timestamp":1765006791440,"level":"INFO","message":"baseline-test-ede12868-396d-4ee6-afec-999f9720c7c6"}
{"timestamp":1765006791442,"level":"INFO","message":"baseline-test-d0606c47-6322-4b42-86b2-e5ba35685557"}
{"timestamp":1765006791445,"level":"INFO","message":"baseline-test-e15142d0-4e92-41e0-8648-c0dc08ded6e3"}
{"timestamp":1765006791450,"level":"INFO","message":"baseline-test-40fce3b1-31dc-4a06-95bc-d7597569d35f"}
{"timestamp":1765006791457,"level":"INFO","message":"baseline-test-492b2838-07a9-4244-80f7-03543a47d207"}
{"timestamp":1765006791453,"level":"INFO","message":"baseline-test-00825e29-e099-4852-86a5-b1313b4857e3"}
{"timestamp":1765006791458,"level":"INFO","message":"baseline-test-97e95e23-43b4-4c63-b7e0-cb3a9fa45905"}
{"timestamp":1765006791460,"level":"INFO","message":"baseline-test-330c5119-5651-4beb-911d-d70c5ea77ecd"}
{"timestamp":1765006791461,"level":"INFO","message":"baseline-test-ced2f59d-b725-4fdb-bd53-5493cbd1c05c"}
{"timestamp":1765006791462,"level":"INFO","message":"baseline-test-0a825680-c449-47db-a083-1c33a2578c75"}
{"timestamp":1765006791464,"level":"INFO","message":"baseline-test-e10d02a2-c7ee-42d4-8eac-2eabf8077278"}
{"timestamp":1765006791470,"level":"INFO","message":"baseline-test-8180694c-a50e-4863-a195-b7490e654bf4"}
{"timestamp":1765006791473,"level":"INFO","message":"baseline-test-cfa5439d-351b-461d-a9bf-3eaeea13dd05"}
{"timestamp":1765006791475,"level":"INFO","message":"baseline-test-4e5e4f8b-2179-4384-97c1-3cfe123011f7"}
{"timestamp":1765006791475,"level":"INFO","message":"baseline-test-8f065312-82ab-4197-8e26-28aa74b37829"}
{"timestamp":1765006791480,"level":"INFO","message":"baseline-test-e356b76b-3c1d-4b17-8d89-b9fa417f9749"}
{"timestamp":1765006791486,"level":"INFO","message":"baseline-test-1ab83420-b4ad-4e93-a9d6-132b88b02186"}
{"timestamp":1765006791487,"level":"INFO","message":"baseline-test-573f5d2c-f82d-458d-a7b3-7589104c3bcd"}
{"timestamp":1765006791492,"level":"INFO","message":"baseline-test-952fd71d-9856-4c20-85ea-dcb442ddd3c5"}
{"timestamp":1765006791491,"level":"INFO","message":"baseline-test-b82bd805-c091-4c54-8a5a-65c7181cceee"}
{"timestamp":1765006791494,"level":"INFO","message":"baseline-test-fdfd532e-e8e1-45d6-b351-9b71145c8194"}
{"timestamp":1765006791497,"level":"INFO","message":"baseline-test-39f51ec2-fc5c-4379-95f9-1a5960cedb20"}
{"timestamp":1765006791497,"level":"INFO","message":"baseline-test-b7e09cb0-983e-4e11-88cc-574b4fa1f693"}
{"timestamp":1765006791497,"level":"INFO","message":"baseline-test-e96799d6-6c6f-460e-a5e3-db9aa379fe96"}
{"timestamp":1765006791497,"level":"INFO","message":"baseline-test-ee664f7c-a0c6-4ad6-9e6a-6a6d00dd7fd5"}
{"timestamp":1765006791497,"level":"INFO","message":"baseline-test-1f8e6ed7-5774-485a-83f9-baca0a367e3c"}
{"timestamp":1765006791497,"level":"INFO","message":"baseline-test-4ddcc895-eab5-4d55-adde-047c72c20d43"}
{"timestamp":1765006791497,"level":"INFO","message":"baseline-test-a39eb495-65a5-4a14-b2f0-1063889e2e3b"}
{"timestamp":1765006791585,"level":"INFO","message":"baseline-test-5c4e7072-6836-466f-b3c7-e849d601347b"}
{"timestamp":1765006791497,"level":"INFO","message":"baseline-test-01a696c5-bdc8-4c1a-9bb6-f1424b005ea4"}
{"timestamp":1765006791585,"level":"INFO","message":"baseline-test-03bed1fa-a070-4df8-b52e-375e1ef65033"}
{"timestamp":1765006791589,"level":"INFO","message":"baseline-test-aef745f5-8b73-4ee7-86a1-a2afe00f27d4"}
{"timestamp":1765006791589,"level":"INFO","message":"baseline-test-bbb409d6-5c21-409d-97dc-ef871df47311"}
{"timestamp":1765006791589,"level":"INFO","message":"baseline-test-4d90f5cc-f1fe-4778-b675-3de89f68b4fd"}
{"timestamp":1765006791602,"level":"INFO","message":"baseline-test-813ba174-3296-48f6-9517-d7eee63aa472"}
{"timestamp":1765006791593,"level":"INFO","message":"baseline-test-65aa8eb2-9bb5-415e-8955-1395a5a733ac"}
{"timestamp":1765006791607,"level":"INFO","message":"baseline-test-e05a197d-3381-48c4-8ee8-0b9f76307e42"}
{"timestamp":1765006791609,"level":"INFO","message":"baseline-test-00f1d50f-bd86-42e7-8acd-d6be06eced94"}
{"timestamp":1765006791612,"level":"INFO","message":"baseline-test-37cf7496-8291-45a8-9576-b1bb19995ec7"}
{"timestamp":1765006791589,"level":"INFO","message":"baseline-test-32eefb9c-6dc2-498c-a827-1dda8d6a18a9"}
{"timestamp":1765006791620,"level":"INFO","message":"baseline-test-761a2fd8-54a1-4c0f-b3a8-0c9cb712d08c"}
{"timestamp":1765006791617,"level":"INFO","message":"baseline-test-feef0259-760f-400e-a340-cee37efadfa3"}
{"timestamp":1765006791622,"level":"INFO","message":"baseline-test-3d962379-46bc-442a-a661-708c8e872434"}
{"timestamp":1765006791625,"level":"INFO","message":"baseline-test-5e870ec9-375a-42ed-9708-aa29fc43311e"}
{"timestamp":1765006791621,"level":"INFO","message":"baseline-test-235dc2e0-a54f-481d-97c0-8a6763f41ccd"}
{"timestamp":1765006791627,"level":"INFO","message":"baseline-test-172812aa-e06d-4043-a750-6af3324e95e6"}
{"timestamp":1765006791633,"level":"INFO","message":"baseline-test-9c92c84c-e45a-445d-9a5b-fadc7e653d0f"}
{"timestamp":1765006791633,"level":"INFO","message":"baseline-test-fd7e2d1b-4799-480e-8a5e-b2d6f6eee3d2"}
{"timestamp":1765006791643,"level":"INFO","message":"baseline-test-e45dbf39-ae30-40ee-aa4f-95c4b4480bcf"}
{"timestamp":1765006791643,"level":"INFO","message":"baseline-test-b8131e68-86ec-49c7-bf83-cbefce8e260e"}
{"timestamp":1765006791643,"level":"INFO","message":"baseline-test-1192b1c2-5513-4508-9431-a1cfc2d9543e"}
{"timestamp":1765006791647,"level":"INFO","message":"baseline-test-a2e8aebc-b4cc-4d51-afd9-be15befa3d9d"}
{"timestamp":1765006791650,"level":"INFO","message":"baseline-test-a6b0f65f-d440-4930-9ead-573b78b9f46f"}
{"timestamp":1765006791657,"level":"INFO","message":"baseline-test-affedc56-27ec-47a9-97d8-0a51d22b49f5"}
{"timestamp":1765006791660,"level":"INFO","message":"baseline-test-ff6ad620-308f-4455-88f3-d1ed29fe29e2"}
{"timestamp":1765006791660,"level":"INFO","message":"baseline-test-0bf7d0fc-d6a1-40f3-9d8e-d3693313c5f5"}
{"timestamp":1765006791671,"level":"INFO","message":"baseline-test-c26b6bb3-280f-4cd0-88bb-70a19ec7dbef"}
{"timestamp":1765006791675,"level":"INFO","message":"baseline-test-7d541f32-c9b3-4405-9b65-9cc5e58a80d5"}
{"timestamp":1765006791676,"level":"INFO","message":"baseline-test-3ccfb164-92d1-491a-91d3-1b67e64bc22d"}
{"timestamp":1765006791678,"level":"INFO","message":"baseline-test-61b4ab94-1d62-46e8-a5a3-26d3cbc33454"}
{"timestamp":1765006791678,"level":"INFO","message":"baseline-test-4f1d3b14-de67-4c54-b702-50834fd59208"}
{"timestamp":1765006791681,"level":"INFO","message":"baseline-test-92a65737-f088-4e13-b776-27fc28e6ff81"}
{"timestamp":1765006791681,"level":"INFO","message":"baseline-test-3cb30c64-f268-4da2-9108-12d7e7edb5b0"}
{"timestamp":1765006791688,"level":"INFO","message":"baseline-test-f8590029-ae84-4786-8c87-2e02f9c74c76"}
{"timestamp":1765006791695,"level":"INFO","message":"baseline-test-efc12766-a9f0-414b-b6df-ee7a5ce4ffe5"}
{"timestamp":1765006791695,"level":"INFO","message":"baseline-test-49fca0e8-432c-4263-a592-bd5fc49d1c56"}
{"timestamp":1765006791696,"level":"INFO","message":"baseline-test-d8be9bd1-3e70-4e4d-932e-c80a73e2fe65"}
{"timestamp":1765006791699,"level":"INFO","message":"baseline-test-f31cd2c2-d8ec-4713-b56d-cb24b3a7dc32"}
{"timestamp":1765006791701,"level":"INFO","message":"baseline-test-52086a2a-4895-4706-9c38-52fc87ddec46"}
{"timestamp":1765006791701,"level":"INFO","message":"baseline-test-216c4428-5207-4938-a95e-3bc077d2636a"}
{"timestamp":1765006791704,"level":"INFO","message":"baseline-test-dd37028c-e7b7-40bb-9275-3ab5a1a6031f"}
{"timestamp":1765006791704,"level":"INFO","message":"baseline-test-9efca464-e6ff-4447-b0b0-354539bbd63c"}
{"timestamp":1765006791708,"level":"INFO","message":"baseline-test-6a3d9959-ff4b-477c-bc0e-dc02a73bab76"}
{"timestamp":1765006791710,"level":"INFO","message":"baseline-test-60d52992-f8dd-44f1-8cfb-17b39e3b06a3"}
{"timestamp":1765006791712,"level":"INFO","message":"baseline-test-7330a07e-29ed-4810-9b00-425646275237"}
{"timestamp":1765006791714,"level":"INFO","message":"baseline-test-aac031a0-7401-4d73-b9e2-6b37334eda6c"}
{"timestamp":1765006791711,"level":"INFO","message":"baseline-test-5c82d87c-9410-41e0-b946-5dee14ccf12c"}
{"timestamp":1765006791718,"level":"INFO","message":"baseline-test-e0e94260-ad13-4d59-822a-2c0084e0eb37"}
{"timestamp":1765006791718,"level":"INFO","message":"baseline-test-42abd168-36a5-4a4a-b7aa-2f323797c5a3"}
{"timestamp":1765006791723,"level":"INFO","message":"baseline-test-72c3b027-dfd9-4a44-9ed1-23fde279d821"}
{"timestamp":1765006791725,"level":"INFO","message":"baseline-test-582a7713-e20d-4426-922d-2973cdef8326"}
{"timestamp":1765006791726,"level":"INFO","message":"baseline-test-6e0bdee3-79d5-411d-a48f-70f3aa254c19"}
{"timestamp":1765006791734,"level":"INFO","message":"baseline-test-26a54f8a-a36a-4a09-924b-b58ced180f23"}
{"timestamp":1765006791730,"level":"INFO","message":"baseline-test-5bae27f5-b839-4130-81c7-856bc8cbf5b9"}
{"timestamp":1765006791732,"level":"INFO","message":"baseline-test-e8dba49d-a137-4b00-92ab-18a2a5aed4da"}
{"timestamp":1765006791734,"level":"INFO","message":"baseline-test-4aca0e13-21fe-4fca-9e7d-0e7ee7439746"}
{"timestamp":1765006791737,"level":"INFO","message":"baseline-test-49d0f5b8-a2f8-4e24-acda-5bbf0e1087fc"}
{"timestamp":1765006791737,"level":"INFO","message":"baseline-test-844e6422-b1b7-430e-9070-ddd10386c690"}
{"timestamp":1765006791741,"level":"INFO","message":"baseline-test-621c40ce-c43d-489b-ba5b-96342c8c9b16"}
{"timestamp":1765006791741,"level":"INFO","message":"baseline-test-773297a1-7196-4c89-b900-3a2cda94da89"}
{"timestamp":1765006791744,"level":"INFO","message":"baseline-test-c7d1758b-50d0-477a-a55d-19b4970a943f"}
{"timestamp":1765006791745,"level":"INFO","message":"baseline-test-84913629-1a1c-494b-987d-6f51ae9348ca"}
{"timestamp":1765006791749,"level":"INFO","message":"baseline-test-ffb34972-5453-4082-842b-3bf9bd377e54"}
{"timestamp":1765006791751,"level":"INFO","message":"baseline-test-eea4ce33-b7ad-490e-8ba0-6aa60dd863b2"}
{"timestamp":1765006791751,"level":"INFO","message":"baseline-test-846f90a0-2c13-4853-b881-46e0ec57f9df"}
{"timestamp":1765006791753,"level":"INFO","message":"baseline-test-eb4d1348-0126-4159-8f19-3199ef83b7b9"}
{"timestamp":1765006791759,"level":"INFO","message":"baseline-test-f3187ec5-6516-4020-826e-7e3947be6eee"}
{"timestamp":1765006791758,"level":"INFO","message":"baseline-test-dc7a7780-9a2d-4f66-9a25-edc07eb03dbd"}
{"timestamp":1765006791763,"level":"INFO","message":"baseline-test-18584d11-34fc-40ef-8c00-9d39b77b78f1"}
{"timestamp":1765006791762,"level":"INFO","message":"baseline-test-29fa2bfe-1c48-41bb-8ff3-7ee2135f97bc"}
{"timestamp":1765006791766,"level":"INFO","message":"baseline-test-8f0d972a-ea50-448c-89e9-d7080bd1fec2"}
{"timestamp":1765006791767,"level":"INFO","message":"baseline-test-9f7f1687-0e6a-4578-9766-42c5dd3a8fba"}
{"timestamp":1765006791769,"level":"INFO","message":"baseline-test-b3e483ea-d51a-4dab-97fe-60a9aadef57c"}
{"timestamp":1765006791773,"level":"INFO","message":"baseline-test-75f029f4-02dc-4dd9-97e1-002b57fc7755"}
{"timestamp":1765006791773,"level":"INFO","message":"baseline-test-24fa1570-ec91-4c87-9422-7240560d8d2d"}
